#
# A fatal error has been detected by the Java Runtime Environment:
#
#  SIGSEGV (0xb) at pc=0x00007fc288b322c0, pid=5728, tid=0x00007fc289620700
#
# JRE version: Java(TM) SE Runtime Environment (8.0_121-b13) (build 1.8.0_121-b13)
# Java VM: Java HotSpot(TM) 64-Bit Server VM (25.121-b13 mixed mode linux-amd64 compressed oops)
# Problematic frame:
# C  [libc.so.6+0x1522c0]
#
# Core dump written. Default location: /mnt/c/Users/Calvin/Documents/winter2017/422/project/project2/core or core.5728
#
# If you would like to submit a bug report, please visit:
#   http://bugreport.java.com/bugreport/crash.jsp
#

---------------  T H R E A D  ---------------

Current thread (0x00007fc280009800):  JavaThread "main" [_thread_in_vm, id=5729, stack(0x00007fc289520000,0x00007fc289621000)]

siginfo: si_signo: 11 (SIGSEGV), si_code: 128 (SI_KERNEL), si_addr: 0x00000000209dad44

Registers:
RAX=0x000000076bdcd380, RBX=0x00000007c0000b68, RCX=0x0000000000000002, RDX=0x00007fc288b322c0
RSP=0x00007fc28961f658, RBP=0x00007fc28961f6e0, RSI=0x00000000209dad40, RDI=0x000000076bdcd380
R8 =0x00000000209dad40, R9 =0x0000000000000002, R10=0x0000000000000002, R11=0x00007fc288b67550
R12=0x000000000000000c, R13=0x0000000000000000, R14=0x00007fc28961f670, R15=0x00007fc280078e70
RIP=0x00007fc288b322c0, EFLAGS=0x0000000000010283, CSGSFS=0x00000053002b0033, ERR=0x0000000000000000
  TRAPNO=0x0000000000000000

Top of Stack: (sp=0x00007fc28961f658)
0x00007fc28961f658:   00007fc2880be6cb 00007fc280009800
0x00007fc28961f668:   00000000209dad40 00007fc280009800
0x00007fc28961f678:   0000000000000000 00007fc280009800
0x00007fc28961f688:   0000000000000000 00007fc280009800
0x00007fc28961f698:   00007fc2880cb806 00007fc280009800
0x00007fc28961f6a8:   00007fc280203d20 00007fc28961f7c8
0x00007fc28961f6b8:   00007fc2844d2260 0000000000000000
0x00007fc28961f6c8:   00007fc2844d2260 00007fc28961f7d8
0x00007fc28961f6d8:   00007fc280009800 00007fc28961f740
0x00007fc28961f6e8:   00007fc26af8086b 00007fc28961f7c8
0x00007fc28961f6f8:   00007fc28961f7d0 00007fc28961f7d8
0x00007fc28961f708:   00007fc2800099f8 00007fc28961f750
0x00007fc28961f718:   00000002844d2260 0000000000000000
0x00007fc28961f728:   00007fc280203d20 00000000209dad40
0x00007fc28961f738:   00007fc280078e70 00007fc28961f7a8
0x00007fc28961f748:   00007fc271017a34 00007fc28961f7a8
0x00007fc28961f758:   00007fc2710177c7 00007fc271017782
0x00007fc28961f768:   00007fc28961f768 00007fc2844d2260
0x00007fc28961f778:   00007fc28961f7d8 00007fc2844d2408
0x00007fc28961f788:   0000000000000000 00007fc2844d2260
0x00007fc28961f798:   0000000000000000 00007fc28961f7c8
0x00007fc28961f7a8:   00007fc28961f820 00007fc271008040
0x00007fc28961f7b8:   0000000000000000 00007fc27101153b
0x00007fc28961f7c8:   000000076bdccb20 000000076bdccf38
0x00007fc28961f7d8:   000000076b3e31d0 00007fc28961f7e0
0x00007fc28961f7e8:   00007fc2844d23a7 00007fc28961f840
0x00007fc28961f7f8:   00007fc2844d2408 0000000000000000
0x00007fc28961f808:   00007fc2844d23b0 00007fc28961f7c8
0x00007fc28961f818:   00007fc28961f830 00007fc28961f888
0x00007fc28961f828:   00007fc271008040 000000076bdccb20
0x00007fc28961f838:   000000076bdccf38 000000076b3e31d0
0x00007fc28961f848:   00007fc28961f848 00007fc2844d126d 

Instructions: (pc=0x00007fc288b322c0)
0x00007fc288b322a0:   1c f3 0f 7f 47 1c f2 0f f0 46 0c f2 0f f0 0e f3
0x00007fc288b322b0:   0f 7f 47 0c f3 0f 7f 0f c3 0f 1f 80 00 00 00 00
0x00007fc288b322c0:   48 8b 56 04 48 8b 0e 48 89 57 04 48 89 0f c3 90
0x00007fc288b322d0:   f2 0f f0 46 7b f3 0f 7f 47 7b f2 0f f0 46 6b f3 

Register to memory mapping:

RAX=0x000000076bdcd380 is an oop

[error occurred during error reporting (printing register info), id 0xb]

Stack: [0x00007fc289520000,0x00007fc289621000],  sp=0x00007fc28961f658,  free space=1021k
Native frames: (J=compiled Java code, j=interpreted, Vv=VM code, C=native code)
C  [libc.so.6+0x1522c0]
C  [libencrypt.so+0x86b]  Java_MyEncrypt_encrypt+0x116
j  MyEncrypt.encrypt([I[I)[I+0
j  MyEncrypt.run([I[I)[I+31
j  EncryptedServer.main([Ljava/lang/String;)V+533
v  ~StubRoutines::call_stub
V  [libjvm.so+0x690dd6]  JavaCalls::call_helper(JavaValue*, methodHandle*, JavaCallArguments*, Thread*)+0x1056
V  [libjvm.so+0x6d21e2]  jni_invoke_static(JNIEnv_*, JavaValue*, _jobject*, JNICallType, _jmethodID*, JNI_ArgumentPusher*, Thread*)+0x362
V  [libjvm.so+0x6eea4a]  jni_CallStaticVoidMethod+0x17a
C  [libjli.so+0x7bdf]  JavaMain+0x81f
C  [libpthread.so.0+0x8184]  start_thread+0xc4

Java frames: (J=compiled Java code, j=interpreted, Vv=VM code)
j  MyEncrypt.encrypt([I[I)[I+0
j  MyEncrypt.run([I[I)[I+31
j  EncryptedServer.main([Ljava/lang/String;)V+533
v  ~StubRoutines::call_stub

---------------  P R O C E S S  ---------------

Java Threads: ( => current thread )
  0x00007fc2800da000 JavaThread "Service Thread" daemon [_thread_blocked, id=5741, stack(0x00007fc26b2a0000,0x00007fc26b3a1000)]
  0x00007fc2800bd000 JavaThread "C1 CompilerThread2" daemon [_thread_blocked, id=5740, stack(0x00007fc26b3b0000,0x00007fc26b4b1000)]
  0x00007fc2800bb000 JavaThread "C2 CompilerThread1" daemon [_thread_blocked, id=5739, stack(0x00007fc26b4c0000,0x00007fc26b5c1000)]
  0x00007fc2800b8000 JavaThread "C2 CompilerThread0" daemon [_thread_blocked, id=5738, stack(0x00007fc26b5d0000,0x00007fc26b6d1000)]
  0x00007fc2800b6800 JavaThread "Signal Dispatcher" daemon [_thread_blocked, id=5737, stack(0x00007fc26b6e0000,0x00007fc26b7e1000)]
  0x00007fc280083800 JavaThread "Finalizer" daemon [_thread_blocked, id=5736, stack(0x00007fc26bab0000,0x00007fc26bbb1000)]
  0x00007fc28007f000 JavaThread "Reference Handler" daemon [_thread_blocked, id=5735, stack(0x00007fc26bbc0000,0x00007fc26bcc1000)]
=>0x00007fc280009800 JavaThread "main" [_thread_in_vm, id=5729, stack(0x00007fc289520000,0x00007fc289621000)]

Other Threads:
  0x00007fc280077800 VMThread [stack: 0x00007fc26bcd0000,0x00007fc26bdd1000] [id=5734]
  0x00007fc2800dd000 WatcherThread [stack: 0x00007fc26b190000,0x00007fc26b291000] [id=5742]

VM state:not at safepoint (normal execution)

VM Mutex/Monitor currently owned by a thread: None

Heap:
 PSYoungGen      total 76288K, used 11833K [0x000000076b380000, 0x0000000770880000, 0x00000007c0000000)
  eden space 65536K, 18% used [0x000000076b380000,0x000000076bf0e618,0x000000076f380000)
  from space 10752K, 0% used [0x000000076fe00000,0x000000076fe00000,0x0000000770880000)
  to   space 10752K, 0% used [0x000000076f380000,0x000000076f380000,0x000000076fe00000)
 ParOldGen       total 175104K, used 0K [0x00000006c1a00000, 0x00000006cc500000, 0x000000076b380000)
  object space 175104K, 0% used [0x00000006c1a00000,0x00000006c1a00000,0x00000006cc500000)
 Metaspace       used 6692K, capacity 6846K, committed 7040K, reserved 1056768K
  class space    used 744K, capacity 834K, committed 896K, reserved 1048576K

Card table byte_map: [0x00007fc285a60000,0x00007fc286254000] byte_map_base: 0x00007fc282453000

Marking Bits: (ParMarkBitMap*) 0x00007fc2889b2c80
 Begin Bits: [0x00007fc24c0d0000, 0x00007fc250068000)
 End Bits:   [0x00007fc250068000, 0x00007fc254000000)

Polling page: 0x00007fc289720000

CodeCache: size=245760Kb used=2162Kb max_used=2176Kb free=243597Kb
 bounds [0x00007fc271000000, 0x00007fc271270000, 0x00007fc280000000]
 total_blobs=831 nmethods=524 adapters=221
 compilation: enabled

Compilation events (10 events):
Event: 3.152 Thread 0x00007fc2800bd000  513       3       java.util.jar.JarEntry::<init> (6 bytes)
Event: 3.152 Thread 0x00007fc2800bd000 nmethod 513 0x00007fc27121b0d0 code [0x00007fc27121b240, 0x00007fc27121b3c8]
Event: 3.152 Thread 0x00007fc2800bd000  514       3       java.util.zip.ZipEntry::<init> (146 bytes)
Event: 3.153 Thread 0x00007fc2800bd000 nmethod 514 0x00007fc27121b450 code [0x00007fc27121b5e0, 0x00007fc27121ba28]
Event: 3.154 Thread 0x00007fc2800bb000  522       4       java.math.BigInteger::implSquareToLen (154 bytes)
Event: 3.156 Thread 0x00007fc2800bd000  524       1       java.nio.Buffer::position (5 bytes)
Event: 3.156 Thread 0x00007fc2800bd000 nmethod 524 0x00007fc27121bbd0 code [0x00007fc27121bd20, 0x00007fc27121be30]
Event: 3.158 Thread 0x00007fc2800b8000 nmethod 521% 0x00007fc27121eed0 code [0x00007fc27121f040, 0x00007fc27121f478]
Event: 3.158 Thread 0x00007fc2800b8000  523       4       java.math.BigInteger::primitiveLeftShift (79 bytes)
Event: 3.162 Thread 0x00007fc2800b8000 nmethod 523 0x00007fc27121f690 code [0x00007fc27121f7e0, 0x00007fc27121f9f8]

GC Heap History (0 events):
No events

Deoptimization events (1 events):
Event: 2.780 Thread 0x00007fc280009800 Uncommon trap: reason=null_check action=make_not_entrant pc=0x00007fc2711524a8 method=java.lang.String.equals(Ljava/lang/Object;)Z @ 8

Internal exceptions (9 events):
Event: 0.161 Thread 0x00007fc280009800 Exception <a 'java/lang/NoSuchMethodError': Method sun.misc.Unsafe.defineClass(Ljava/lang/String;[BII)Ljava/lang/Class; name or signature does not match> (0x000000076b387ca8) thrown at [/HUDSON3/workspace/8-2-build-linux-amd64/jdk8u121/8372/hotspot/src/sh
Event: 0.161 Thread 0x00007fc280009800 Exception <a 'java/lang/NoSuchMethodError': Method sun.misc.Unsafe.prefetchRead(Ljava/lang/Object;J)V name or signature does not match> (0x000000076b387f90) thrown at [/HUDSON3/workspace/8-2-build-linux-amd64/jdk8u121/8372/hotspot/src/share/vm/prims/jni.c
Event: 2.727 Thread 0x00007fc280009800 Exception <a 'java/lang/NoSuchFieldError': method resolution failed> (0x000000076b4bae78) thrown at [/HUDSON3/workspace/8-2-build-linux-amd64/jdk8u121/8372/hotspot/src/share/vm/prims/methodHandles.cpp, line 1146]
Event: 2.729 Thread 0x00007fc280009800 Exception <a 'java/lang/NoSuchFieldError': method resolution failed> (0x000000076b60ffd0) thrown at [/HUDSON3/workspace/8-2-build-linux-amd64/jdk8u121/8372/hotspot/src/share/vm/prims/methodHandles.cpp, line 1146]
Event: 2.780 Thread 0x00007fc280009800 Implicit null exception at 0x00007fc2711522a6 to 0x00007fc271152499
Event: 2.994 Thread 0x00007fc280009800 Exception <a 'java/lang/NoSuchMethodError': <clinit>> (0x000000076b95bab0) thrown at [/HUDSON3/workspace/8-2-build-linux-amd64/jdk8u121/8372/hotspot/src/share/vm/prims/jni.cpp, line 1613]
Event: 3.002 Thread 0x00007fc280009800 Exception <a 'java/security/PrivilegedActionException'> (0x000000076b96eab8) thrown at [/HUDSON3/workspace/8-2-build-linux-amd64/jdk8u121/8372/hotspot/src/share/vm/prims/jvm.cpp, line 1390]
Event: 3.002 Thread 0x00007fc280009800 Exception <a 'java/security/PrivilegedActionException'> (0x000000076b96ecc8) thrown at [/HUDSON3/workspace/8-2-build-linux-amd64/jdk8u121/8372/hotspot/src/share/vm/prims/jvm.cpp, line 1390]
Event: 3.027 Thread 0x00007fc280009800 Exception <a 'java/net/SocketException'> (0x000000076b9c2518) thrown at [/HUDSON3/workspace/8-2-build-linux-amd64/jdk8u121/8372/hotspot/src/share/vm/prims/jni.cpp, line 709]

Events (10 events):
Event: 3.148 loading class javax/crypto/KeyAgreementSpi
Event: 3.148 loading class javax/crypto/KeyAgreementSpi done
Event: 3.148 loading class java/lang/IllegalStateException
Event: 3.148 loading class java/lang/IllegalStateException done
Event: 3.148 loading class javax/crypto/ShortBufferException
Event: 3.148 loading class javax/crypto/ShortBufferException done
Event: 3.157 loading class java/nio/ByteBufferAsIntBufferB
Event: 3.157 loading class java/nio/IntBuffer
Event: 3.157 loading class java/nio/IntBuffer done
Event: 3.157 loading class java/nio/ByteBufferAsIntBufferB done


Dynamic libraries:
00400000-00401000 r-x- 00000000 00:00 886215                     /usr/lib/jvm/java-8-oracle/jre/bin/java
00600000-00601000 rw-- 00000000 00:00 886215                     /usr/lib/jvm/java-8-oracle/jre/bin/java
01052000-01073000 rw-- 00000000 00:00 0                          [heap]
6c1a00000-6cc500000 rw-- 00000000 00:00 0
6cc500000-76b380000 ---- 00000000 00:00 0
76b380000-770880000 rw-- 00000000 00:00 0
770880000-7c0000000 ---- 00000000 00:00 0
7c0000000-7c00e0000 rw-- 00000000 00:00 0
7c00e0000-800000000 ---- 00000000 00:00 0
7fc228000000-7fc228021000 rw-- 00000000 00:00 0
7fc228021000-7fc22c000000 ---- 00000000 00:00 0
7fc230000000-7fc2301da000 rw-- 00000000 00:00 0
7fc2301da000-7fc234000000 ---- 00000000 00:00 0
7fc234000000-7fc234021000 rw-- 00000000 00:00 0
7fc234021000-7fc238000000 ---- 00000000 00:00 0
7fc238000000-7fc2380d1000 rw-- 00000000 00:00 0
7fc2380d1000-7fc23c000000 ---- 00000000 00:00 0
7fc23c000000-7fc23c0ad000 rw-- 00000000 00:00 0
7fc23c0ad000-7fc240000000 ---- 00000000 00:00 0
7fc240000000-7fc240021000 rw-- 00000000 00:00 0
7fc240021000-7fc244000000 ---- 00000000 00:00 0
7fc244000000-7fc244021000 rw-- 00000000 00:00 0
7fc244021000-7fc248000000 ---- 00000000 00:00 0
7fc248000000-7fc248021000 rw-- 00000000 00:00 0
7fc248021000-7fc24c000000 ---- 00000000 00:00 0
7fc24c0d0000-7fc254021000 rw-- 00000000 00:00 0
7fc254021000-7fc258000000 ---- 00000000 00:00 0
7fc258000000-7fc258021000 rw-- 00000000 00:00 0
7fc258021000-7fc25c000000 ---- 00000000 00:00 0
7fc25c000000-7fc25c021000 rw-- 00000000 00:00 0
7fc25c021000-7fc260000000 ---- 00000000 00:00 0
7fc264000000-7fc264021000 rw-- 00000000 00:00 0
7fc264021000-7fc268000000 ---- 00000000 00:00 0
7fc26a230000-7fc26a3c7000 rw-- 00000000 00:00 0
7fc26a3d0000-7fc26a4c0000 rw-- 00000000 00:00 0
7fc26a4c0000-7fc26a4d1000 r-x- 00000000 00:00 886320             /usr/lib/jvm/java-8-oracle/jre/lib/amd64/libnio.so
7fc26a4d1000-7fc26a4d7000 ---- 00011000 00:00 886320             /usr/lib/jvm/java-8-oracle/jre/lib/amd64/libnio.so
7fc26a4d7000-7fc26a6d0000 ---- 00000000 00:00 0
7fc26a6d0000-7fc26a6d1000 rw-- 00010000 00:00 886320             /usr/lib/jvm/java-8-oracle/jre/lib/amd64/libnio.so
7fc26a6e0000-7fc26a6f6000 r-x- 00000000 00:00 840298             /lib/x86_64-linux-gnu/libgcc_s.so.1
7fc26a6f6000-7fc26a6f7000 ---- 00016000 00:00 840298             /lib/x86_64-linux-gnu/libgcc_s.so.1
7fc26a6f7000-7fc26a8f5000 ---- 00000000 00:00 0
7fc26a8f5000-7fc26a8f6000 rw-- 00015000 00:00 840298             /lib/x86_64-linux-gnu/libgcc_s.so.1
7fc26a900000-7fc26a932000 r-x- 00000000 00:00 886332             /usr/lib/jvm/java-8-oracle/jre/lib/amd64/libsunec.so
7fc26a932000-7fc26a93f000 ---- 00032000 00:00 886332             /usr/lib/jvm/java-8-oracle/jre/lib/amd64/libsunec.so
7fc26a93f000-7fc26ab31000 ---- 00000000 00:00 0
7fc26ab31000-7fc26ab37000 rw-- 00031000 00:00 886332             /usr/lib/jvm/java-8-oracle/jre/lib/amd64/libsunec.so
7fc26ab37000-7fc26ab47000 rw-- 00000000 00:00 0
7fc26ab50000-7fc26ab66000 r-x- 00000000 00:00 886319             /usr/lib/jvm/java-8-oracle/jre/lib/amd64/libnet.so
7fc26ab66000-7fc26ab6d000 ---- 00016000 00:00 886319             /usr/lib/jvm/java-8-oracle/jre/lib/amd64/libnet.so
7fc26ab6d000-7fc26ad66000 ---- 00000000 00:00 0
7fc26ad66000-7fc26ad67000 rw-- 00016000 00:00 886319             /usr/lib/jvm/java-8-oracle/jre/lib/amd64/libnet.so
7fc26ad70000-7fc26ad71000 r-x- 00000000 00:00 282308             /mnt/c/Users/Calvin/Documents/winter2017/422/project/project2/libdecrypt.so
7fc26ad71000-7fc26ad72000 ---- 00001000 00:00 282308             /mnt/c/Users/Calvin/Documents/winter2017/422/project/project2/libdecrypt.so
7fc26ad72000-7fc26af70000 ---- 00000000 00:00 0
7fc26af70000-7fc26af71000 r--- 00000000 00:00 282308             /mnt/c/Users/Calvin/Documents/winter2017/422/project/project2/libdecrypt.so
7fc26af71000-7fc26af72000 rw-- 00001000 00:00 282308             /mnt/c/Users/Calvin/Documents/winter2017/422/project/project2/libdecrypt.so
7fc26af80000-7fc26af81000 r-x- 00000000 00:00 129437             /mnt/c/Users/Calvin/Documents/winter2017/422/project/project2/libencrypt.so
7fc26af81000-7fc26af82000 ---- 00001000 00:00 129437             /mnt/c/Users/Calvin/Documents/winter2017/422/project/project2/libencrypt.so
7fc26af82000-7fc26b180000 ---- 00000000 00:00 0
7fc26b180000-7fc26b181000 r--- 00000000 00:00 129437             /mnt/c/Users/Calvin/Documents/winter2017/422/project/project2/libencrypt.so
7fc26b181000-7fc26b182000 rw-- 00001000 00:00 129437             /mnt/c/Users/Calvin/Documents/winter2017/422/project/project2/libencrypt.so
7fc26b190000-7fc26b191000 ---- 00000000 00:00 0
7fc26b191000-7fc26b291000 rw-- 00000000 00:00 0
7fc26b2a0000-7fc26b2a3000 ---- 00000000 00:00 0
7fc26b2a3000-7fc26b3a1000 rw-- 00000000 00:00 0
7fc26b3b0000-7fc26b3b3000 ---- 00000000 00:00 0
7fc26b3b3000-7fc26b4b1000 rw-- 00000000 00:00 0
7fc26b4c0000-7fc26b4c3000 ---- 00000000 00:00 0
7fc26b4c3000-7fc26b5c1000 rw-- 00000000 00:00 0
7fc26b5d0000-7fc26b5d3000 ---- 00000000 00:00 0
7fc26b5d3000-7fc26b6d1000 rw-- 00000000 00:00 0
7fc26b6e0000-7fc26b6e3000 ---- 00000000 00:00 0
7fc26b6e3000-7fc26b7e1000 rw-- 00000000 00:00 0
7fc26b7e7000-7fc26bab0000 r--- 00000000 00:00 867593             /usr/lib/locale/locale-archive
7fc26bab0000-7fc26bab3000 ---- 00000000 00:00 0
7fc26bab3000-7fc26bbb1000 rw-- 00000000 00:00 0
7fc26bbc0000-7fc26bbc3000 ---- 00000000 00:00 0
7fc26bbc3000-7fc26bcc1000 rw-- 00000000 00:00 0
7fc26bcd0000-7fc26bcd1000 ---- 00000000 00:00 0
7fc26bcd1000-7fc26bdd1000 rw-- 00000000 00:00 0
7fc26bde0000-7fc26bee1000 rw-- 00000000 00:00 0
7fc26bef0000-7fc26bff1000 rw-- 00000000 00:00 0
7fc26c000000-7fc26c021000 rw-- 00000000 00:00 0
7fc26c021000-7fc270000000 ---- 00000000 00:00 0
7fc270020000-7fc270021000 rw-- 00000000 00:00 0
7fc270030000-7fc270131000 rw-- 00000000 00:00 0
7fc270140000-7fc270241000 rw-- 00000000 00:00 0
7fc270250000-7fc270351000 rw-- 00000000 00:00 0
7fc270360000-7fc270381000 rw-- 00000000 00:00 0
7fc270390000-7fc270491000 rw-- 00000000 00:00 0
7fc2704a0000-7fc2705a1000 rw-- 00000000 00:00 0
7fc2705b0000-7fc2706b1000 rw-- 00000000 00:00 0
7fc2706c0000-7fc2707c1000 rw-- 00000000 00:00 0
7fc2707d0000-7fc2708d1000 rw-- 00000000 00:00 0
7fc2708e0000-7fc2709e1000 rw-- 00000000 00:00 0
7fc2709f0000-7fc270af1000 rw-- 00000000 00:00 0
7fc270b00000-7fc270c01000 rw-- 00000000 00:00 0
7fc270c10000-7fc270d11000 rw-- 00000000 00:00 0
7fc270d20000-7fc270e21000 rw-- 00000000 00:00 0
7fc270e27000-7fc271000000 r--- 03d3e000 00:00 886605             /usr/lib/jvm/java-8-oracle/jre/lib/rt.jar
7fc271000000-7fc271270000 rwx- 00000000 00:00 0
7fc271270000-7fc280000000 ---- 00000000 00:00 0
7fc280000000-7fc280293000 rw-- 00000000 00:00 0
7fc280293000-7fc284000000 ---- 00000000 00:00 0
7fc284000000-7fc284001000 rw-- 00000000 00:00 0
7fc284010000-7fc284031000 rw-- 00000000 00:00 0
7fc284040000-7fc284061000 rw-- 00000000 00:00 0
7fc284070000-7fc284091000 rw-- 00000000 00:00 0
7fc2840a0000-7fc2840c1000 rw-- 00000000 00:00 0
7fc2840d0000-7fc2846d0000 rw-- 00000000 00:00 0
7fc2846d0000-7fc2848d0000 ---- 00000000 00:00 0
7fc2848d0000-7fc2850c3000 rw-- 00000000 00:00 0
7fc2850d0000-7fc2850d1000 ---- 00000000 00:00 0
7fc2850d1000-7fc2851d1000 rw-- 00000000 00:00 0
7fc2851e0000-7fc2851e1000 ---- 00000000 00:00 0
7fc2851e1000-7fc2852e1000 rw-- 00000000 00:00 0
7fc2852f0000-7fc2852f1000 ---- 00000000 00:00 0
7fc2852f1000-7fc2853f1000 rw-- 00000000 00:00 0
7fc285400000-7fc285401000 ---- 00000000 00:00 0
7fc285401000-7fc285501000 rw-- 00000000 00:00 0
7fc285510000-7fc285566000 rw-- 00000000 00:00 0
7fc285566000-7fc285a5d000 ---- 00000000 00:00 0
7fc285a60000-7fc285ab6000 rw-- 00000000 00:00 0
7fc285ab6000-7fc285fac000 ---- 00000000 00:00 0
7fc285fac000-7fc285fd8000 rw-- 00000000 00:00 0
7fc285fd8000-7fc286253000 ---- 00000000 00:00 0
7fc286253000-7fc286254000 rw-- 00000000 00:00 0
7fc286260000-7fc28626a000 rw-- 00000000 00:00 0
7fc28626a000-7fc286620000 ---- 00000000 00:00 0
7fc286620000-7fc28663a000 r-x- 00000000 00:00 886336             /usr/lib/jvm/java-8-oracle/jre/lib/amd64/libzip.so
7fc28663a000-7fc28663f000 ---- 0001a000 00:00 886336             /usr/lib/jvm/java-8-oracle/jre/lib/amd64/libzip.so
7fc28663f000-7fc28683a000 ---- 00000000 00:00 0
7fc28683a000-7fc28683b000 rw-- 0001a000 00:00 886336             /usr/lib/jvm/java-8-oracle/jre/lib/amd64/libzip.so
7fc286840000-7fc28684a000 r-x- 00000000 00:00 840449             /lib/x86_64-linux-gnu/libnss_files-2.19.so
7fc28684a000-7fc28684b000 ---- 0000a000 00:00 840449             /lib/x86_64-linux-gnu/libnss_files-2.19.so
7fc28684b000-7fc286a49000 ---- 00000000 00:00 0
7fc286a49000-7fc286a4a000 r--- 00009000 00:00 840449             /lib/x86_64-linux-gnu/libnss_files-2.19.so
7fc286a4a000-7fc286a4b000 rw-- 0000a000 00:00 840449             /lib/x86_64-linux-gnu/libnss_files-2.19.so
7fc286a50000-7fc286a5b000 r-x- 00000000 00:00 840288             /lib/x86_64-linux-gnu/libnss_nis-2.19.so
7fc286a5b000-7fc286a5c000 ---- 0000b000 00:00 840288             /lib/x86_64-linux-gnu/libnss_nis-2.19.so
7fc286a5c000-7fc286c5a000 ---- 00000000 00:00 0
7fc286c5a000-7fc286c5b000 r--- 0000a000 00:00 840288             /lib/x86_64-linux-gnu/libnss_nis-2.19.so
7fc286c5b000-7fc286c5c000 rw-- 0000b000 00:00 840288             /lib/x86_64-linux-gnu/libnss_nis-2.19.so
7fc286c60000-7fc286c77000 r-x- 00000000 00:00 840401             /lib/x86_64-linux-gnu/libnsl-2.19.so
7fc286c77000-7fc286c78000 ---- 00017000 00:00 840401             /lib/x86_64-linux-gnu/libnsl-2.19.so
7fc286c78000-7fc286e76000 ---- 00000000 00:00 0
7fc286e76000-7fc286e77000 r--- 00016000 00:00 840401             /lib/x86_64-linux-gnu/libnsl-2.19.so
7fc286e77000-7fc286e78000 rw-- 00017000 00:00 840401             /lib/x86_64-linux-gnu/libnsl-2.19.so
7fc286e78000-7fc286e7a000 rw-- 00000000 00:00 0
7fc286e80000-7fc286e89000 r-x- 00000000 00:00 840455             /lib/x86_64-linux-gnu/libnss_compat-2.19.so
7fc286e89000-7fc286e8a000 ---- 00009000 00:00 840455             /lib/x86_64-linux-gnu/libnss_compat-2.19.so
7fc286e8a000-7fc287088000 ---- 00000000 00:00 0
7fc287088000-7fc287089000 r--- 00008000 00:00 840455             /lib/x86_64-linux-gnu/libnss_compat-2.19.so
7fc287089000-7fc28708a000 rw-- 00009000 00:00 840455             /lib/x86_64-linux-gnu/libnss_compat-2.19.so
7fc287090000-7fc2870bb000 r-x- 00000000 00:00 886291             /usr/lib/jvm/java-8-oracle/jre/lib/amd64/libjava.so
7fc2870bb000-7fc2870c8000 ---- 0002b000 00:00 886291             /usr/lib/jvm/java-8-oracle/jre/lib/amd64/libjava.so
7fc2870c8000-7fc2872ba000 ---- 00000000 00:00 0
7fc2872ba000-7fc2872bc000 rw-- 0002a000 00:00 886291             /usr/lib/jvm/java-8-oracle/jre/lib/amd64/libjava.so
7fc2872c0000-7fc2872cd000 r-x- 00000000 00:00 886335             /usr/lib/jvm/java-8-oracle/jre/lib/amd64/libverify.so
7fc2872cd000-7fc2872d1000 ---- 0000d000 00:00 886335             /usr/lib/jvm/java-8-oracle/jre/lib/amd64/libverify.so
7fc2872d1000-7fc2874cc000 ---- 00000000 00:00 0
7fc2874cc000-7fc2874ce000 rw-- 0000c000 00:00 886335             /usr/lib/jvm/java-8-oracle/jre/lib/amd64/libverify.so
7fc2874d0000-7fc2874d7000 r-x- 00000000 00:00 840461             /lib/x86_64-linux-gnu/librt-2.19.so
7fc2874d7000-7fc2874d8000 ---- 00007000 00:00 840461             /lib/x86_64-linux-gnu/librt-2.19.so
7fc2874d8000-7fc2876d6000 ---- 00000000 00:00 0
7fc2876d6000-7fc2876d7000 r--- 00006000 00:00 840461             /lib/x86_64-linux-gnu/librt-2.19.so
7fc2876d7000-7fc2876d8000 rw-- 00007000 00:00 840461             /lib/x86_64-linux-gnu/librt-2.19.so
7fc2876e0000-7fc2877e5000 r-x- 00000000 00:00 840435             /lib/x86_64-linux-gnu/libm-2.19.so
7fc2877e5000-7fc2877e6000 ---- 00105000 00:00 840435             /lib/x86_64-linux-gnu/libm-2.19.so
7fc2877e6000-7fc2879e4000 ---- 00000000 00:00 0
7fc2879e4000-7fc2879e5000 r--- 00104000 00:00 840435             /lib/x86_64-linux-gnu/libm-2.19.so
7fc2879e5000-7fc2879e6000 rw-- 00105000 00:00 840435             /lib/x86_64-linux-gnu/libm-2.19.so
7fc2879ee000-7fc2886bc000 r-x- 00000000 00:00 886340             /usr/lib/jvm/java-8-oracle/jre/lib/amd64/server/libjvm.so
7fc2886bc000-7fc2888bc000 ---- 00cce000 00:00 886340             /usr/lib/jvm/java-8-oracle/jre/lib/amd64/server/libjvm.so
7fc2888bc000-7fc288995000 rw-- 00cce000 00:00 886340             /usr/lib/jvm/java-8-oracle/jre/lib/amd64/server/libjvm.so
7fc288995000-7fc2889e0000 rw-- 00000000 00:00 0
7fc2889e0000-7fc288b9a000 r-x- 00000000 00:00 840371             /lib/x86_64-linux-gnu/libc-2.19.so
7fc288b9a000-7fc288ba2000 ---- 001ba000 00:00 840371             /lib/x86_64-linux-gnu/libc-2.19.so
7fc288ba2000-7fc288d9a000 ---- 00000000 00:00 0
7fc288d9a000-7fc288d9e000 r--- 001ba000 00:00 840371             /lib/x86_64-linux-gnu/libc-2.19.so
7fc288d9e000-7fc288da0000 rw-- 001be000 00:00 840371             /lib/x86_64-linux-gnu/libc-2.19.so
7fc288da0000-7fc288da5000 rw-- 00000000 00:00 0
7fc288db0000-7fc288db3000 r-x- 00000000 00:00 840383             /lib/x86_64-linux-gnu/libdl-2.19.so
7fc288db3000-7fc288db4000 ---- 00003000 00:00 840383             /lib/x86_64-linux-gnu/libdl-2.19.so
7fc288db4000-7fc288fb2000 ---- 00000000 00:00 0
7fc288fb2000-7fc288fb3000 r--- 00002000 00:00 840383             /lib/x86_64-linux-gnu/libdl-2.19.so
7fc288fb3000-7fc288fb4000 rw-- 00003000 00:00 840383             /lib/x86_64-linux-gnu/libdl-2.19.so
7fc288fc0000-7fc288fd5000 r-x- 00000000 00:00 886254             /usr/lib/jvm/java-8-oracle/jre/lib/amd64/jli/libjli.so
7fc288fd5000-7fc288fd9000 ---- 00015000 00:00 886254             /usr/lib/jvm/java-8-oracle/jre/lib/amd64/jli/libjli.so
7fc288fd9000-7fc2891d5000 ---- 00000000 00:00 0
7fc2891d5000-7fc2891d6000 rw-- 00015000 00:00 886254             /usr/lib/jvm/java-8-oracle/jre/lib/amd64/jli/libjli.so
7fc2891e0000-7fc2891f9000 r-x- 00000000 00:00 840306             /lib/x86_64-linux-gnu/libpthread-2.19.so
7fc2891f9000-7fc289203000 ---- 00019000 00:00 840306             /lib/x86_64-linux-gnu/libpthread-2.19.so
7fc289203000-7fc2893f8000 ---- 00000000 00:00 0
7fc2893f8000-7fc2893f9000 r--- 00018000 00:00 840306             /lib/x86_64-linux-gnu/libpthread-2.19.so
7fc2893f9000-7fc2893fa000 rw-- 00019000 00:00 840306             /lib/x86_64-linux-gnu/libpthread-2.19.so
7fc2893fa000-7fc2893fe000 rw-- 00000000 00:00 0
7fc289400000-7fc289423000 r-x- 00000000 00:00 840303             /lib/x86_64-linux-gnu/ld-2.19.so
7fc289430000-7fc289431000 rw-- 00000000 00:00 0
7fc289440000-7fc289441000 rw-- 00000000 00:00 0
7fc289450000-7fc28949f000 rw-- 00000000 00:00 0
7fc2894a0000-7fc289516000 rw-- 00000000 00:00 0
7fc289520000-7fc289523000 ---- 00000000 00:00 0
7fc289523000-7fc289621000 rw-- 00000000 00:00 0
7fc289622000-7fc289623000 r--- 00022000 00:00 840303             /lib/x86_64-linux-gnu/ld-2.19.so
7fc289623000-7fc289624000 rw-- 00023000 00:00 840303             /lib/x86_64-linux-gnu/ld-2.19.so
7fc289624000-7fc289625000 rw-- 00000000 00:00 0
7fc289630000-7fc28968b000 rw-- 00000000 00:00 0
7fc289690000-7fc2896b8000 rw-- 00000000 00:00 0
7fc2896c0000-7fc289711000 rw-- 00000000 00:00 0
7fc289720000-7fc289721000 r--- 00000000 00:00 0
7fc289730000-7fc289732000 rw-- 00000000 00:00 0
7fc289740000-7fc289741000 rw-- 00000000 00:00 0
7fc289750000-7fc289751000 rw-- 00000000 00:00 0
7fc289757000-7fc28975d000 r--- 0003f000 00:00 886487             /usr/lib/jvm/java-8-oracle/jre/lib/ext/sunjce_provider.jar
7fc28975d000-7fc289760000 r--- 0001a000 00:00 886532             /usr/lib/jvm/java-8-oracle/jre/lib/jce.jar
7fc289760000-7fc289762000 rw-- 00000000 00:00 0
7fc289762000-7fc289764000 r--- 00009000 00:00 886486             /usr/lib/jvm/java-8-oracle/jre/lib/ext/sunec.jar
7fc289764000-7fc289768000 r--- 0009a000 00:00 886540             /usr/lib/jvm/java-8-oracle/jre/lib/jsse.jar
7fc289768000-7fc289770000 rw-- 00000000 00:00 889199             /tmp/hsperfdata_Calvin/5728
7ffff7fdf000-7ffff87df000 rw-- 00000000 00:00 0                  [stack]
7ffff8843000-7ffff8844000 r-x- 00000000 00:00 0                  [vdso]

VM Arguments:
java_command: EncryptedServer
java_class_path (initial): .
Launcher Type: SUN_STANDARD

Environment Variables:
JAVA_HOME=/usr/lib/jvm/java-8-oracle
PATH=/usr/local/sbin:/usr/local/bin:/usr/sbin:/usr/bin:/sbin:/bin:/usr/games:/usr/local/games:/usr/lib/jvm/java-8-oracle/bin:/usr/lib/jvm/java-8-oracle/db/bin:/usr/lib/jvm/java-8-oracle/jre/bin
LD_LIBRARY_PATH=D_LIBRARY_PATH:.
SHELL=/bin/bash
DISPLAY=:0
HOSTTYPE=x86_64

Signal Handlers:
SIGSEGV: [libjvm.so+0xac78c0], sa_mask[0]=11111111111111111111111111111110, sa_flags=SA_RESTART|SA_SIGINFO
SIGBUS: [libjvm.so+0xac78c0], sa_mask[0]=11111111111111111111111111111110, sa_flags=SA_RESTART|SA_SIGINFO
SIGFPE: [libjvm.so+0x920ac0], sa_mask[0]=11111111111111111111111111111110, sa_flags=SA_RESTART|SA_SIGINFO
SIGPIPE: [libjvm.so+0x920ac0], sa_mask[0]=11111111111111111111111111111110, sa_flags=SA_RESTART|SA_SIGINFO
SIGXFSZ: [libjvm.so+0x920ac0], sa_mask[0]=11111111111111111111111111111110, sa_flags=SA_RESTART|SA_SIGINFO
SIGILL: [libjvm.so+0x920ac0], sa_mask[0]=11111111111111111111111111111110, sa_flags=SA_RESTART|SA_SIGINFO
SIGUSR1: SIG_DFL, sa_mask[0]=00000000000000000000000000000000, sa_flags=none
SIGUSR2: [libjvm.so+0x922300], sa_mask[0]=00000000000000000000000000000000, sa_flags=SA_RESTART|SA_SIGINFO
SIGHUP: [libjvm.so+0x923700], sa_mask[0]=11111111111111111111111111111110, sa_flags=SA_RESTART|SA_SIGINFO
SIGINT: [libjvm.so+0x923700], sa_mask[0]=11111111111111111111111111111110, sa_flags=SA_RESTART|SA_SIGINFO
SIGTERM: [libjvm.so+0x923700], sa_mask[0]=11111111111111111111111111111110, sa_flags=SA_RESTART|SA_SIGINFO
SIGQUIT: [libjvm.so+0x923700], sa_mask[0]=11111111111111111111111111111110, sa_flags=SA_RESTART|SA_SIGINFO


---------------  S Y S T E M  ---------------

OS:DISTRIB_ID=Ubuntu
DISTRIB_RELEASE=14.04
DISTRIB_CODENAME=trusty
DISTRIB_DESCRIPTION="Ubuntu 14.04.5 LTS"

uname:Linux 3.4.0+ #1 PREEMPT Thu Aug 1 17:06:05 CST 2013 x86_64
libc:glibc 2.19 NPTL 2.19 
rlimit: STACK 8192k, CORE infinity, NPROC infinity, NOFILE 2048, AS infinity
load average:0.52 0.58 0.59

/proc/meminfo:
MemTotal:       16668792 kB
MemFree:        11011388 kB
Buffers:           34032 kB
Cached:           188576 kB
SwapCached:            0 kB
Active:           167556 kB
Inactive:         157876 kB
Active(anon):     103104 kB
Inactive(anon):    17440 kB
Active(file):      64452 kB
Inactive(file):   140436 kB
Unevictable:           0 kB
Mlocked:               0 kB
SwapTotal:       2490368 kB
SwapFree:        2456808 kB
Dirty:                 0 kB
Writeback:             0 kB
AnonPages:        102824 kB
Mapped:            71404 kB
Shmem:             17720 kB
Slab:              13868 kB
SReclaimable:       6744 kB
SUnreclaim:         7124 kB
KernelStack:        2848 kB
PageTables:         2524 kB
NFS_Unstable:          0 kB
Bounce:                0 kB
WritebackTmp:          0 kB
CommitLimit:      515524 kB
Committed_AS:    3450064 kB
VmallocTotal:     122880 kB
VmallocUsed:       21296 kB
VmallocChunk:      66044 kB
HardwareCorrupted:     0 kB
AnonHugePages:      2048 kB
HugePages_Total:       0
HugePages_Free:        0
HugePages_Rsvd:        0
HugePages_Surp:        0
Hugepagesize:       2048 kB
DirectMap4k:       12280 kB
DirectMap4M:      897024 kB


CPU:total 4 (2 cores per cpu, 2 threads per core) family 6 model 142 stepping 9, cmov, cx8, fxsr, mmx, sse, sse2, sse3, ssse3, sse4.1, sse4.2, popcnt, avx, avx2, aes, clmul, erms, 3dnowpref, lzcnt, ht, tsc, tscinvbit, bmi1, bmi2, adx

/proc/cpuinfo:
processor       : 0
vendor_id       : GenuineIntel
cpu family      : 6
model           : 142
model name      : Intel(R) Core(TM) i7-7500U CPU @ 2.70GHz
stepping        : 9
microcode       : 0xffffffff
cpu MHz         : 2901.000
cache size      : 256 KB
physical id     : 0
siblings        : 4
core id         : 0
cpu cores       : 2
apicid          : 0
initial apicid  : 0
fpu             : yes
fpu_exception   : yes
cpuid level     : 6
wp              : yes
flags           : fpu vme de pse tsc msr pae mce cx8 apic sep mtrr pge mca cmov pat pse36 clflush dts acpi mmx fxsr sse sse2 ss ht tm pbe syscall nx pdpe1gb rdtscp lm pni pclmulqdq dtes64 monitor ds_cpl vmx est tm2 ssse3 fma cx16 xtpr pdcm pcid sse4_1 sse4_2 x2apic movbe popcnt tsc_deadline_timer aes xsave osxsave avx f16c rdrand
bogomips        : 5802.00
clflush size    : 64
cache_alignment : 64
address sizes   : 36 bits physical, 48 bits virtual
power management:

processor       : 1
vendor_id       : GenuineIntel
cpu family      : 6
model           : 142
model name      : Intel(R) Core(TM) i7-7500U CPU @ 2.70GHz
stepping        : 9
microcode       : 0xffffffff
cpu MHz         : 2901.000
cache size      : 256 KB
physical id     : 0
siblings        : 4
core id         : 0
cpu cores       : 2
apicid          : 0
initial apicid  : 0
fpu             : yes
fpu_exception   : yes
cpuid level     : 6
wp              : yes
flags           : fpu vme de pse tsc msr pae mce cx8 apic sep mtrr pge mca cmov pat pse36 clflush dts acpi mmx fxsr sse sse2 ss ht tm pbe syscall nx pdpe1gb rdtscp lm pni pclmulqdq dtes64 monitor ds_cpl vmx est tm2 ssse3 fma cx16 xtpr pdcm pcid sse4_1 sse4_2 x2apic movbe popcnt tsc_deadline_timer aes xsave osxsave avx f16c rdrand
bogomips        : 5802.00
clflush size    : 64
cache_alignment : 64
address sizes   : 36 bits physical, 48 bits virtual
power management:

processor       : 2
vendor_id       : GenuineIntel
cpu family      : 6
model           : 142
model name      : Intel(R) Core(TM) i7-7500U CPU @ 2.70GHz
stepping        : 9
microcode       : 0xffffffff
cpu MHz         : 2901.000
cache size      : 256 KB
physical id     : 0
siblings        : 4
core id         : 1
cpu cores       : 2
apicid          : 0
initial apicid  : 0
fpu             : yes
fpu_exception   : yes
cpuid level     : 6
wp              : yes
flags           : fpu vme de pse tsc msr pae mce cx8 apic sep mtrr pge mca cmov pat pse36 clflush dts acpi mmx fxsr sse sse2 ss ht tm pbe syscall nx pdpe1gb rdtscp lm pni pclmulqdq dtes64 monitor ds_cpl vmx est tm2 ssse3 fma cx16 xtpr pdcm pcid sse4_1 sse4_2 x2apic movbe popcnt tsc_deadline_timer aes xsave osxsave avx f16c rdrand
bogomips        : 5802.00
clflush size    : 64
cache_alignment : 64
address sizes   : 36 bits physical, 48 bits virtual
power management:

processor       : 3
vendor_id       : GenuineIntel
cpu family      : 6
model           : 142
model name      : Intel(R) Core(TM) i7-7500U CPU @ 2.70GHz
stepping        : 9
microcode       : 0xffffffff
cpu MHz         : 2901.000
cache size      : 256 KB
physical id     : 0
siblings        : 4
core id         : 1
cpu cores       : 2
apicid          : 0
initial apicid  : 0
fpu             : yes
fpu_exception   : yes
cpuid level     : 6
wp              : yes
flags           : fpu vme de pse tsc msr pae mce cx8 apic sep mtrr pge mca cmov pat pse36 clflush dts acpi mmx fxsr sse sse2 ss ht tm pbe syscall nx pdpe1gb rdtscp lm pni pclmulqdq dtes64 monitor ds_cpl vmx est tm2 ssse3 fma cx16 xtpr pdcm pcid sse4_1 sse4_2 x2apic movbe popcnt tsc_deadline_timer aes xsave osxsave avx f16c rdrand
bogomips        : 5802.00
clflush size    : 64
cache_alignment : 64
address sizes   : 36 bits physical, 48 bits virtual
power management:



Memory: 4k page, physical 16668792k(11011372k free), swap 2490368k(2456808k free)

vm_info: Java HotSpot(TM) 64-Bit Server VM (25.121-b13) for linux-amd64 JRE (1.8.0_121-b13), built on Dec 12 2016 16:36:53 by "java_re" with gcc 4.3.0 20080428 (Red Hat 4.3.0-8)

time: Sun Apr  9 17:27:38 2017
elapsed time: 3 seconds (0d 0h 0m 3s)

