#
# A fatal error has been detected by the Java Runtime Environment:
#
#  SIGSEGV (0xb) at pc=0x00007fde539322c0, pid=5743, tid=0x00007fde54420700
#
# JRE version: Java(TM) SE Runtime Environment (8.0_121-b13) (build 1.8.0_121-b13)
# Java VM: Java HotSpot(TM) 64-Bit Server VM (25.121-b13 mixed mode linux-amd64 compressed oops)
# Problematic frame:
# C  [libc.so.6+0x1522c0]
#
# Core dump written. Default location: /mnt/c/Users/Calvin/Documents/winter2017/422/project/project2/core or core.5743
#
# If you would like to submit a bug report, please visit:
#   http://bugreport.java.com/bugreport/crash.jsp
#

---------------  T H R E A D  ---------------

Current thread (0x00007fde4c009800):  JavaThread "main" [_thread_in_vm, id=5744, stack(0x00007fde54320000,0x00007fde54421000)]

siginfo: si_signo: 11 (SIGSEGV), si_code: 128 (SI_KERNEL), si_addr: 0x000000004b14a6a8

Registers:
RAX=0x000000076bdd2c28, RBX=0x00000007c0000b68, RCX=0x0000000000000002, RDX=0x00007fde539322c0
RSP=0x00007fde5441f658, RBP=0x00007fde5441f6e0, RSI=0x000000004b14a6a4, RDI=0x000000076bdd2c28
R8 =0x000000004b14a6a4, R9 =0x0000000000000000, R10=0x0000000000000001, R11=0x00007fde53967550
R12=0x000000000000000c, R13=0x0000000000000000, R14=0x00007fde5441f670, R15=0x00007fde4c078e70
RIP=0x00007fde539322c0, EFLAGS=0x0000000000010283, CSGSFS=0x00000053002b0033, ERR=0x0000000000000000
  TRAPNO=0x0000000000000000

Top of Stack: (sp=0x00007fde5441f658)
0x00007fde5441f658:   00007fde52ebe6cb 00007fde4c009800
0x00007fde5441f668:   000000004b14a6a4 00007fde4c009800
0x00007fde5441f678:   0000000000000000 00007fde4c009800
0x00007fde5441f688:   0000000000000000 00007fde4c009800
0x00007fde5441f698:   00007fde52ecb806 00007fde4c009800
0x00007fde5441f6a8:   00007fde4c216b80 00007fde5441f7c8
0x00007fde5441f6b8:   00007fde37c02320 0000000000000000
0x00007fde5441f6c8:   00007fde37c02320 00007fde5441f7d8
0x00007fde5441f6d8:   00007fde4c009800 00007fde5441f740
0x00007fde5441f6e8:   00007fde35ce086b 00007fde5441f7c8
0x00007fde5441f6f8:   00007fde5441f7d0 00007fde5441f7d8
0x00007fde5441f708:   00007fde4c0099f8 00007fde5441f750
0x00007fde5441f718:   0000000237c02320 0000000000000000
0x00007fde5441f728:   00007fde4c216b80 000000004b14a6a4
0x00007fde5441f738:   00007fde4c078e70 00007fde5441f7a8
0x00007fde5441f748:   00007fde3d017a34 00007fde5441f7a8
0x00007fde5441f758:   00007fde3d0177c7 00007fde3d017782
0x00007fde5441f768:   00007fde5441f768 00007fde37c02320
0x00007fde5441f778:   00007fde5441f7d8 00007fde37c024c8
0x00007fde5441f788:   0000000000000000 00007fde37c02320
0x00007fde5441f798:   0000000000000000 00007fde5441f7c8
0x00007fde5441f7a8:   00007fde5441f820 00007fde3d008040
0x00007fde5441f7b8:   0000000000000000 00007fde3d01153b
0x00007fde5441f7c8:   000000076bdd23c8 000000076bdd27e0
0x00007fde5441f7d8:   000000076b3e81b0 00007fde5441f7e0
0x00007fde5441f7e8:   00007fde37c02467 00007fde5441f840
0x00007fde5441f7f8:   00007fde37c024c8 0000000000000000
0x00007fde5441f808:   00007fde37c02470 00007fde5441f7c8
0x00007fde5441f818:   00007fde5441f830 00007fde5441f888
0x00007fde5441f828:   00007fde3d008040 000000076bdd23c8
0x00007fde5441f838:   000000076bdd27e0 000000076b3e81b0
0x00007fde5441f848:   00007fde5441f848 00007fde37c0126e 

Instructions: (pc=0x00007fde539322c0)
0x00007fde539322a0:   1c f3 0f 7f 47 1c f2 0f f0 46 0c f2 0f f0 0e f3
0x00007fde539322b0:   0f 7f 47 0c f3 0f 7f 0f c3 0f 1f 80 00 00 00 00
0x00007fde539322c0:   48 8b 56 04 48 8b 0e 48 89 57 04 48 89 0f c3 90
0x00007fde539322d0:   f2 0f f0 46 7b f3 0f 7f 47 7b f2 0f f0 46 6b f3 

Register to memory mapping:

RAX=0x000000076bdd2c28 is an oop

[error occurred during error reporting (printing register info), id 0xb]

Stack: [0x00007fde54320000,0x00007fde54421000],  sp=0x00007fde5441f658,  free space=1021k
Native frames: (J=compiled Java code, j=interpreted, Vv=VM code, C=native code)
C  [libc.so.6+0x1522c0]
C  [libencrypt.so+0x86b]  Java_MyEncrypt_encrypt+0x116
j  MyEncrypt.encrypt([I[I)[I+0
j  MyEncrypt.run([I[I)[I+31
j  EncryptedClient.main([Ljava/lang/String;)V+534
v  ~StubRoutines::call_stub
V  [libjvm.so+0x690dd6]  JavaCalls::call_helper(JavaValue*, methodHandle*, JavaCallArguments*, Thread*)+0x1056
V  [libjvm.so+0x6d21e2]  jni_invoke_static(JNIEnv_*, JavaValue*, _jobject*, JNICallType, _jmethodID*, JNI_ArgumentPusher*, Thread*)+0x362
V  [libjvm.so+0x6eea4a]  jni_CallStaticVoidMethod+0x17a
C  [libjli.so+0x7bdf]  JavaMain+0x81f
C  [libpthread.so.0+0x8184]  start_thread+0xc4

Java frames: (J=compiled Java code, j=interpreted, Vv=VM code)
j  MyEncrypt.encrypt([I[I)[I+0
j  MyEncrypt.run([I[I)[I+31
j  EncryptedClient.main([Ljava/lang/String;)V+534
v  ~StubRoutines::call_stub

---------------  P R O C E S S  ---------------

Java Threads: ( => current thread )
  0x00007fde4c0d2000 JavaThread "Service Thread" daemon [_thread_blocked, id=5756, stack(0x00007fde36000000,0x00007fde36101000)]
  0x00007fde4c0bd000 JavaThread "C1 CompilerThread2" daemon [_thread_blocked, id=5755, stack(0x00007fde36110000,0x00007fde36211000)]
  0x00007fde4c0bb000 JavaThread "C2 CompilerThread1" daemon [_thread_blocked, id=5754, stack(0x00007fde36220000,0x00007fde36321000)]
  0x00007fde4c0b8000 JavaThread "C2 CompilerThread0" daemon [_thread_blocked, id=5753, stack(0x00007fde36330000,0x00007fde36431000)]
  0x00007fde4c0b6800 JavaThread "Signal Dispatcher" daemon [_thread_blocked, id=5752, stack(0x00007fde36440000,0x00007fde36541000)]
  0x00007fde4c083800 JavaThread "Finalizer" daemon [_thread_blocked, id=5751, stack(0x00007fde36810000,0x00007fde36911000)]
  0x00007fde4c07f000 JavaThread "Reference Handler" daemon [_thread_blocked, id=5750, stack(0x00007fde36920000,0x00007fde36a21000)]
=>0x00007fde4c009800 JavaThread "main" [_thread_in_vm, id=5744, stack(0x00007fde54320000,0x00007fde54421000)]

Other Threads:
  0x00007fde4c077800 VMThread [stack: 0x00007fde36a30000,0x00007fde36b31000] [id=5749]
  0x00007fde4c0d5000 WatcherThread [stack: 0x00007fde35ef0000,0x00007fde35ff1000] [id=5757]

VM state:not at safepoint (normal execution)

VM Mutex/Monitor currently owned by a thread: None

Heap:
 PSYoungGen      total 76288K, used 11831K [0x000000076b380000, 0x0000000770880000, 0x00000007c0000000)
  eden space 65536K, 18% used [0x000000076b380000,0x000000076bf0df10,0x000000076f380000)
  from space 10752K, 0% used [0x000000076fe00000,0x000000076fe00000,0x0000000770880000)
  to   space 10752K, 0% used [0x000000076f380000,0x000000076f380000,0x000000076fe00000)
 ParOldGen       total 175104K, used 0K [0x00000006c1a00000, 0x00000006cc500000, 0x000000076b380000)
  object space 175104K, 0% used [0x00000006c1a00000,0x00000006c1a00000,0x00000006cc500000)
 Metaspace       used 6752K, capacity 6926K, committed 7040K, reserved 1056768K
  class space    used 754K, capacity 834K, committed 896K, reserved 1048576K

Card table byte_map: [0x00007fde50860000,0x00007fde51054000] byte_map_base: 0x00007fde4d253000

Marking Bits: (ParMarkBitMap*) 0x00007fde537b2c80
 Begin Bits: [0x00007fde200d0000, 0x00007fde24068000)
 End Bits:   [0x00007fde24068000, 0x00007fde28000000)

Polling page: 0x00007fde54500000

CodeCache: size=245760Kb used=2149Kb max_used=2162Kb free=243610Kb
 bounds [0x00007fde3d000000, 0x00007fde3d270000, 0x00007fde4c000000]
 total_blobs=824 nmethods=517 adapters=221
 compilation: enabled

Compilation events (10 events):
Event: 0.740 Thread 0x00007fde4c0bb000  516       4       java.math.BigInteger::primitiveLeftShift (79 bytes)
Event: 0.741 Thread 0x00007fde4c0bd000 nmethod 512 0x00007fde3d213d50 code [0x00007fde3d214120, 0x00007fde3d215f88]
Event: 0.741 Thread 0x00007fde4c0bd000  515       3       java.math.BigInteger::multiplyToLen (216 bytes)
Event: 0.741 Thread 0x00007fde4c0bd000 nmethod 515 0x00007fde3d216e90 code [0x00007fde3d217040, 0x00007fde3d217650]
Event: 0.741 Thread 0x00007fde4c0bd000  513       3       sun.security.x509.X509CertInfo::attributeMap (24 bytes)
Event: 0.742 Thread 0x00007fde4c0bd000 nmethod 513 0x00007fde3d217d50 code [0x00007fde3d217f00, 0x00007fde3d218538]
Event: 0.742 Thread 0x00007fde4c0bd000  510       3       java.util.jar.JarFile$JarFileEntry::<init> (11 bytes)
Event: 0.742 Thread 0x00007fde4c0bd000 nmethod 510 0x00007fde3d218750 code [0x00007fde3d2188c0, 0x00007fde3d218ac8]
Event: 0.742 Thread 0x00007fde4c0b8000  517 %     4       java.math.BigInteger::implSquareToLen @ 81 (154 bytes)
Event: 0.744 Thread 0x00007fde4c0bb000 nmethod 516 0x00007fde3d21b990 code [0x00007fde3d21bae0, 0x00007fde3d21bcf8]

GC Heap History (0 events):
No events

Deoptimization events (1 events):
Event: 0.346 Thread 0x00007fde4c009800 Uncommon trap: reason=null_check action=make_not_entrant pc=0x00007fde3d14a668 method=java.lang.String.equals(Ljava/lang/Object;)Z @ 8

Internal exceptions (9 events):
Event: 0.165 Thread 0x00007fde4c009800 Exception <a 'java/lang/NoSuchMethodError': Method sun.misc.Unsafe.defineClass(Ljava/lang/String;[BII)Ljava/lang/Class; name or signature does not match> (0x000000076b387ca8) thrown at [/HUDSON3/workspace/8-2-build-linux-amd64/jdk8u121/8372/hotspot/src/sh
Event: 0.165 Thread 0x00007fde4c009800 Exception <a 'java/lang/NoSuchMethodError': Method sun.misc.Unsafe.prefetchRead(Ljava/lang/Object;J)V name or signature does not match> (0x000000076b387f90) thrown at [/HUDSON3/workspace/8-2-build-linux-amd64/jdk8u121/8372/hotspot/src/share/vm/prims/jni.c
Event: 0.291 Thread 0x00007fde4c009800 Exception <a 'java/lang/NoSuchFieldError': method resolution failed> (0x000000076b61bf00) thrown at [/HUDSON3/workspace/8-2-build-linux-amd64/jdk8u121/8372/hotspot/src/share/vm/prims/methodHandles.cpp, line 1146]
Event: 0.295 Thread 0x00007fde4c009800 Exception <a 'java/lang/NoSuchFieldError': method resolution failed> (0x000000076b6292d0) thrown at [/HUDSON3/workspace/8-2-build-linux-amd64/jdk8u121/8372/hotspot/src/share/vm/prims/methodHandles.cpp, line 1146]
Event: 0.346 Thread 0x00007fde4c009800 Implicit null exception at 0x00007fde3d14a466 to 0x00007fde3d14a659
Event: 0.526 Thread 0x00007fde4c009800 Exception <a 'java/lang/NoSuchMethodError': <clinit>> (0x000000076b9528d0) thrown at [/HUDSON3/workspace/8-2-build-linux-amd64/jdk8u121/8372/hotspot/src/share/vm/prims/jni.cpp, line 1613]
Event: 0.587 Thread 0x00007fde4c009800 Exception <a 'java/security/PrivilegedActionException'> (0x000000076b976df0) thrown at [/HUDSON3/workspace/8-2-build-linux-amd64/jdk8u121/8372/hotspot/src/share/vm/prims/jvm.cpp, line 1390]
Event: 0.587 Thread 0x00007fde4c009800 Exception <a 'java/security/PrivilegedActionException'> (0x000000076b977000) thrown at [/HUDSON3/workspace/8-2-build-linux-amd64/jdk8u121/8372/hotspot/src/share/vm/prims/jvm.cpp, line 1390]
Event: 0.607 Thread 0x00007fde4c009800 Exception <a 'java/net/SocketException'> (0x000000076b9ca850) thrown at [/HUDSON3/workspace/8-2-build-linux-amd64/jdk8u121/8372/hotspot/src/share/vm/prims/jni.cpp, line 709]

Events (10 events):
Event: 0.737 loading class javax/crypto/KeyAgreementSpi
Event: 0.738 loading class javax/crypto/KeyAgreementSpi done
Event: 0.738 loading class java/lang/IllegalStateException
Event: 0.738 loading class java/lang/IllegalStateException done
Event: 0.738 loading class javax/crypto/ShortBufferException
Event: 0.738 loading class javax/crypto/ShortBufferException done
Event: 0.743 loading class java/nio/ByteBufferAsIntBufferB
Event: 0.744 loading class java/nio/IntBuffer
Event: 0.744 loading class java/nio/IntBuffer done
Event: 0.744 loading class java/nio/ByteBufferAsIntBufferB done


Dynamic libraries:
00400000-00401000 r-x- 00000000 00:00 886215                     /usr/lib/jvm/java-8-oracle/jre/bin/java
00600000-00601000 rw-- 00000000 00:00 886215                     /usr/lib/jvm/java-8-oracle/jre/bin/java
02122000-02143000 rw-- 00000000 00:00 0                          [heap]
6c1a00000-6cc500000 rw-- 00000000 00:00 0
6cc500000-76b380000 ---- 00000000 00:00 0
76b380000-770880000 rw-- 00000000 00:00 0
770880000-7c0000000 ---- 00000000 00:00 0
7c0000000-7c00e0000 rw-- 00000000 00:00 0
7c00e0000-800000000 ---- 00000000 00:00 0
7fddfc000000-7fddfc021000 rw-- 00000000 00:00 0
7fddfc021000-7fde00000000 ---- 00000000 00:00 0
7fde00000000-7fde00021000 rw-- 00000000 00:00 0
7fde00021000-7fde04000000 ---- 00000000 00:00 0
7fde04000000-7fde040f8000 rw-- 00000000 00:00 0
7fde040f8000-7fde08000000 ---- 00000000 00:00 0
7fde08000000-7fde08132000 rw-- 00000000 00:00 0
7fde08132000-7fde0c000000 ---- 00000000 00:00 0
7fde0c000000-7fde0c021000 rw-- 00000000 00:00 0
7fde0c021000-7fde10000000 ---- 00000000 00:00 0
7fde10000000-7fde10193000 rw-- 00000000 00:00 0
7fde10193000-7fde14000000 ---- 00000000 00:00 0
7fde14000000-7fde14021000 rw-- 00000000 00:00 0
7fde14021000-7fde18000000 ---- 00000000 00:00 0
7fde18000000-7fde18021000 rw-- 00000000 00:00 0
7fde18021000-7fde1c000000 ---- 00000000 00:00 0
7fde1c000000-7fde1c021000 rw-- 00000000 00:00 0
7fde1c021000-7fde20000000 ---- 00000000 00:00 0
7fde200d0000-7fde28021000 rw-- 00000000 00:00 0
7fde28021000-7fde2c000000 ---- 00000000 00:00 0
7fde2c000000-7fde2c021000 rw-- 00000000 00:00 0
7fde2c021000-7fde30000000 ---- 00000000 00:00 0
7fde30000000-7fde30021000 rw-- 00000000 00:00 0
7fde30021000-7fde34000000 ---- 00000000 00:00 0
7fde34f90000-7fde35127000 rw-- 00000000 00:00 0
7fde35130000-7fde35220000 rw-- 00000000 00:00 0
7fde35220000-7fde35231000 r-x- 00000000 00:00 886320             /usr/lib/jvm/java-8-oracle/jre/lib/amd64/libnio.so
7fde35231000-7fde35237000 ---- 00011000 00:00 886320             /usr/lib/jvm/java-8-oracle/jre/lib/amd64/libnio.so
7fde35237000-7fde35430000 ---- 00000000 00:00 0
7fde35430000-7fde35431000 rw-- 00010000 00:00 886320             /usr/lib/jvm/java-8-oracle/jre/lib/amd64/libnio.so
7fde35440000-7fde35456000 r-x- 00000000 00:00 840298             /lib/x86_64-linux-gnu/libgcc_s.so.1
7fde35456000-7fde35457000 ---- 00016000 00:00 840298             /lib/x86_64-linux-gnu/libgcc_s.so.1
7fde35457000-7fde35655000 ---- 00000000 00:00 0
7fde35655000-7fde35656000 rw-- 00015000 00:00 840298             /lib/x86_64-linux-gnu/libgcc_s.so.1
7fde35660000-7fde35692000 r-x- 00000000 00:00 886332             /usr/lib/jvm/java-8-oracle/jre/lib/amd64/libsunec.so
7fde35692000-7fde3569f000 ---- 00032000 00:00 886332             /usr/lib/jvm/java-8-oracle/jre/lib/amd64/libsunec.so
7fde3569f000-7fde35891000 ---- 00000000 00:00 0
7fde35891000-7fde35897000 rw-- 00031000 00:00 886332             /usr/lib/jvm/java-8-oracle/jre/lib/amd64/libsunec.so
7fde35897000-7fde358a7000 rw-- 00000000 00:00 0
7fde358b0000-7fde358c6000 r-x- 00000000 00:00 886319             /usr/lib/jvm/java-8-oracle/jre/lib/amd64/libnet.so
7fde358c6000-7fde358cd000 ---- 00016000 00:00 886319             /usr/lib/jvm/java-8-oracle/jre/lib/amd64/libnet.so
7fde358cd000-7fde35ac6000 ---- 00000000 00:00 0
7fde35ac6000-7fde35ac7000 rw-- 00016000 00:00 886319             /usr/lib/jvm/java-8-oracle/jre/lib/amd64/libnet.so
7fde35ad0000-7fde35ad1000 r-x- 00000000 00:00 282308             /mnt/c/Users/Calvin/Documents/winter2017/422/project/project2/libdecrypt.so
7fde35ad1000-7fde35ad2000 ---- 00001000 00:00 282308             /mnt/c/Users/Calvin/Documents/winter2017/422/project/project2/libdecrypt.so
7fde35ad2000-7fde35cd0000 ---- 00000000 00:00 0
7fde35cd0000-7fde35cd1000 r--- 00000000 00:00 282308             /mnt/c/Users/Calvin/Documents/winter2017/422/project/project2/libdecrypt.so
7fde35cd1000-7fde35cd2000 rw-- 00001000 00:00 282308             /mnt/c/Users/Calvin/Documents/winter2017/422/project/project2/libdecrypt.so
7fde35ce0000-7fde35ce1000 r-x- 00000000 00:00 129437             /mnt/c/Users/Calvin/Documents/winter2017/422/project/project2/libencrypt.so
7fde35ce1000-7fde35ce2000 ---- 00001000 00:00 129437             /mnt/c/Users/Calvin/Documents/winter2017/422/project/project2/libencrypt.so
7fde35ce2000-7fde35ee0000 ---- 00000000 00:00 0
7fde35ee0000-7fde35ee1000 r--- 00000000 00:00 129437             /mnt/c/Users/Calvin/Documents/winter2017/422/project/project2/libencrypt.so
7fde35ee1000-7fde35ee2000 rw-- 00001000 00:00 129437             /mnt/c/Users/Calvin/Documents/winter2017/422/project/project2/libencrypt.so
7fde35ef0000-7fde35ef1000 ---- 00000000 00:00 0
7fde35ef1000-7fde35ff1000 rw-- 00000000 00:00 0
7fde36000000-7fde36003000 ---- 00000000 00:00 0
7fde36003000-7fde36101000 rw-- 00000000 00:00 0
7fde36110000-7fde36113000 ---- 00000000 00:00 0
7fde36113000-7fde36211000 rw-- 00000000 00:00 0
7fde36220000-7fde36223000 ---- 00000000 00:00 0
7fde36223000-7fde36321000 rw-- 00000000 00:00 0
7fde36330000-7fde36333000 ---- 00000000 00:00 0
7fde36333000-7fde36431000 rw-- 00000000 00:00 0
7fde36440000-7fde36443000 ---- 00000000 00:00 0
7fde36443000-7fde36541000 rw-- 00000000 00:00 0
7fde36547000-7fde36810000 r--- 00000000 00:00 867593             /usr/lib/locale/locale-archive
7fde36810000-7fde36813000 ---- 00000000 00:00 0
7fde36813000-7fde36911000 rw-- 00000000 00:00 0
7fde36920000-7fde36923000 ---- 00000000 00:00 0
7fde36923000-7fde36a21000 rw-- 00000000 00:00 0
7fde36a30000-7fde36a31000 ---- 00000000 00:00 0
7fde36a31000-7fde36b31000 rw-- 00000000 00:00 0
7fde36b40000-7fde36c41000 rw-- 00000000 00:00 0
7fde36c50000-7fde36d51000 rw-- 00000000 00:00 0
7fde36d60000-7fde36e61000 rw-- 00000000 00:00 0
7fde36e70000-7fde36f71000 rw-- 00000000 00:00 0
7fde36f80000-7fde37081000 rw-- 00000000 00:00 0
7fde37090000-7fde37191000 rw-- 00000000 00:00 0
7fde371a0000-7fde372a1000 rw-- 00000000 00:00 0
7fde372b0000-7fde373b1000 rw-- 00000000 00:00 0
7fde373c0000-7fde374c1000 rw-- 00000000 00:00 0
7fde374d0000-7fde375d1000 rw-- 00000000 00:00 0
7fde375e0000-7fde376e1000 rw-- 00000000 00:00 0
7fde376f0000-7fde377f1000 rw-- 00000000 00:00 0
7fde37800000-7fde37e00000 rw-- 00000000 00:00 0
7fde37e00000-7fde38000000 ---- 00000000 00:00 0
7fde38000000-7fde38021000 rw-- 00000000 00:00 0
7fde38021000-7fde3c000000 ---- 00000000 00:00 0
7fde3c0a0000-7fde3c0a1000 rw-- 00000000 00:00 0
7fde3c0b0000-7fde3c0d1000 rw-- 00000000 00:00 0
7fde3c0e0000-7fde3c1e1000 rw-- 00000000 00:00 0
7fde3c1f0000-7fde3c2f1000 rw-- 00000000 00:00 0
7fde3c300000-7fde3c401000 rw-- 00000000 00:00 0
7fde3c407000-7fde3c5e0000 r--- 03d3e000 00:00 886605             /usr/lib/jvm/java-8-oracle/jre/lib/rt.jar
7fde3c5e0000-7fde3cdd3000 rw-- 00000000 00:00 0
7fde3cde0000-7fde3cde1000 ---- 00000000 00:00 0
7fde3cde1000-7fde3cee1000 rw-- 00000000 00:00 0
7fde3cef0000-7fde3cef1000 ---- 00000000 00:00 0
7fde3cef1000-7fde3cff1000 rw-- 00000000 00:00 0
7fde3d000000-7fde3d270000 rwx- 00000000 00:00 0
7fde3d270000-7fde4c000000 ---- 00000000 00:00 0
7fde4c000000-7fde4c23e000 rw-- 00000000 00:00 0
7fde4c23e000-7fde50000000 ---- 00000000 00:00 0
7fde50000000-7fde50001000 rw-- 00000000 00:00 0
7fde50010000-7fde50031000 rw-- 00000000 00:00 0
7fde50040000-7fde50061000 rw-- 00000000 00:00 0
7fde50070000-7fde50091000 rw-- 00000000 00:00 0
7fde500a0000-7fde500ef000 rw-- 00000000 00:00 0
7fde500f0000-7fde500f1000 ---- 00000000 00:00 0
7fde500f1000-7fde501f1000 rw-- 00000000 00:00 0
7fde50200000-7fde50201000 ---- 00000000 00:00 0
7fde50201000-7fde50301000 rw-- 00000000 00:00 0
7fde50310000-7fde50366000 rw-- 00000000 00:00 0
7fde50366000-7fde5085d000 ---- 00000000 00:00 0
7fde50860000-7fde508b6000 rw-- 00000000 00:00 0
7fde508b6000-7fde50dac000 ---- 00000000 00:00 0
7fde50dac000-7fde50dd8000 rw-- 00000000 00:00 0
7fde50dd8000-7fde51053000 ---- 00000000 00:00 0
7fde51053000-7fde51054000 rw-- 00000000 00:00 0
7fde51060000-7fde5106a000 rw-- 00000000 00:00 0
7fde5106a000-7fde51420000 ---- 00000000 00:00 0
7fde51420000-7fde5143a000 r-x- 00000000 00:00 886336             /usr/lib/jvm/java-8-oracle/jre/lib/amd64/libzip.so
7fde5143a000-7fde5143f000 ---- 0001a000 00:00 886336             /usr/lib/jvm/java-8-oracle/jre/lib/amd64/libzip.so
7fde5143f000-7fde5163a000 ---- 00000000 00:00 0
7fde5163a000-7fde5163b000 rw-- 0001a000 00:00 886336             /usr/lib/jvm/java-8-oracle/jre/lib/amd64/libzip.so
7fde51640000-7fde5164a000 r-x- 00000000 00:00 840449             /lib/x86_64-linux-gnu/libnss_files-2.19.so
7fde5164a000-7fde5164b000 ---- 0000a000 00:00 840449             /lib/x86_64-linux-gnu/libnss_files-2.19.so
7fde5164b000-7fde51849000 ---- 00000000 00:00 0
7fde51849000-7fde5184a000 r--- 00009000 00:00 840449             /lib/x86_64-linux-gnu/libnss_files-2.19.so
7fde5184a000-7fde5184b000 rw-- 0000a000 00:00 840449             /lib/x86_64-linux-gnu/libnss_files-2.19.so
7fde51850000-7fde5185b000 r-x- 00000000 00:00 840288             /lib/x86_64-linux-gnu/libnss_nis-2.19.so
7fde5185b000-7fde5185c000 ---- 0000b000 00:00 840288             /lib/x86_64-linux-gnu/libnss_nis-2.19.so
7fde5185c000-7fde51a5a000 ---- 00000000 00:00 0
7fde51a5a000-7fde51a5b000 r--- 0000a000 00:00 840288             /lib/x86_64-linux-gnu/libnss_nis-2.19.so
7fde51a5b000-7fde51a5c000 rw-- 0000b000 00:00 840288             /lib/x86_64-linux-gnu/libnss_nis-2.19.so
7fde51a60000-7fde51a77000 r-x- 00000000 00:00 840401             /lib/x86_64-linux-gnu/libnsl-2.19.so
7fde51a77000-7fde51a78000 ---- 00017000 00:00 840401             /lib/x86_64-linux-gnu/libnsl-2.19.so
7fde51a78000-7fde51c76000 ---- 00000000 00:00 0
7fde51c76000-7fde51c77000 r--- 00016000 00:00 840401             /lib/x86_64-linux-gnu/libnsl-2.19.so
7fde51c77000-7fde51c78000 rw-- 00017000 00:00 840401             /lib/x86_64-linux-gnu/libnsl-2.19.so
7fde51c78000-7fde51c7a000 rw-- 00000000 00:00 0
7fde51c80000-7fde51c89000 r-x- 00000000 00:00 840455             /lib/x86_64-linux-gnu/libnss_compat-2.19.so
7fde51c89000-7fde51c8a000 ---- 00009000 00:00 840455             /lib/x86_64-linux-gnu/libnss_compat-2.19.so
7fde51c8a000-7fde51e88000 ---- 00000000 00:00 0
7fde51e88000-7fde51e89000 r--- 00008000 00:00 840455             /lib/x86_64-linux-gnu/libnss_compat-2.19.so
7fde51e89000-7fde51e8a000 rw-- 00009000 00:00 840455             /lib/x86_64-linux-gnu/libnss_compat-2.19.so
7fde51e90000-7fde51ebb000 r-x- 00000000 00:00 886291             /usr/lib/jvm/java-8-oracle/jre/lib/amd64/libjava.so
7fde51ebb000-7fde51ec8000 ---- 0002b000 00:00 886291             /usr/lib/jvm/java-8-oracle/jre/lib/amd64/libjava.so
7fde51ec8000-7fde520ba000 ---- 00000000 00:00 0
7fde520ba000-7fde520bc000 rw-- 0002a000 00:00 886291             /usr/lib/jvm/java-8-oracle/jre/lib/amd64/libjava.so
7fde520c0000-7fde520cd000 r-x- 00000000 00:00 886335             /usr/lib/jvm/java-8-oracle/jre/lib/amd64/libverify.so
7fde520cd000-7fde520d1000 ---- 0000d000 00:00 886335             /usr/lib/jvm/java-8-oracle/jre/lib/amd64/libverify.so
7fde520d1000-7fde522cc000 ---- 00000000 00:00 0
7fde522cc000-7fde522ce000 rw-- 0000c000 00:00 886335             /usr/lib/jvm/java-8-oracle/jre/lib/amd64/libverify.so
7fde522d0000-7fde522d7000 r-x- 00000000 00:00 840461             /lib/x86_64-linux-gnu/librt-2.19.so
7fde522d7000-7fde522d8000 ---- 00007000 00:00 840461             /lib/x86_64-linux-gnu/librt-2.19.so
7fde522d8000-7fde524d6000 ---- 00000000 00:00 0
7fde524d6000-7fde524d7000 r--- 00006000 00:00 840461             /lib/x86_64-linux-gnu/librt-2.19.so
7fde524d7000-7fde524d8000 rw-- 00007000 00:00 840461             /lib/x86_64-linux-gnu/librt-2.19.so
7fde524e0000-7fde525e5000 r-x- 00000000 00:00 840435             /lib/x86_64-linux-gnu/libm-2.19.so
7fde525e5000-7fde525e6000 ---- 00105000 00:00 840435             /lib/x86_64-linux-gnu/libm-2.19.so
7fde525e6000-7fde527e4000 ---- 00000000 00:00 0
7fde527e4000-7fde527e5000 r--- 00104000 00:00 840435             /lib/x86_64-linux-gnu/libm-2.19.so
7fde527e5000-7fde527e6000 rw-- 00105000 00:00 840435             /lib/x86_64-linux-gnu/libm-2.19.so
7fde527ee000-7fde534bc000 r-x- 00000000 00:00 886340             /usr/lib/jvm/java-8-oracle/jre/lib/amd64/server/libjvm.so
7fde534bc000-7fde536bc000 ---- 00cce000 00:00 886340             /usr/lib/jvm/java-8-oracle/jre/lib/amd64/server/libjvm.so
7fde536bc000-7fde53795000 rw-- 00cce000 00:00 886340             /usr/lib/jvm/java-8-oracle/jre/lib/amd64/server/libjvm.so
7fde53795000-7fde537e0000 rw-- 00000000 00:00 0
7fde537e0000-7fde5399a000 r-x- 00000000 00:00 840371             /lib/x86_64-linux-gnu/libc-2.19.so
7fde5399a000-7fde539a2000 ---- 001ba000 00:00 840371             /lib/x86_64-linux-gnu/libc-2.19.so
7fde539a2000-7fde53b9a000 ---- 00000000 00:00 0
7fde53b9a000-7fde53b9e000 r--- 001ba000 00:00 840371             /lib/x86_64-linux-gnu/libc-2.19.so
7fde53b9e000-7fde53ba0000 rw-- 001be000 00:00 840371             /lib/x86_64-linux-gnu/libc-2.19.so
7fde53ba0000-7fde53ba5000 rw-- 00000000 00:00 0
7fde53bb0000-7fde53bb3000 r-x- 00000000 00:00 840383             /lib/x86_64-linux-gnu/libdl-2.19.so
7fde53bb3000-7fde53bb4000 ---- 00003000 00:00 840383             /lib/x86_64-linux-gnu/libdl-2.19.so
7fde53bb4000-7fde53db2000 ---- 00000000 00:00 0
7fde53db2000-7fde53db3000 r--- 00002000 00:00 840383             /lib/x86_64-linux-gnu/libdl-2.19.so
7fde53db3000-7fde53db4000 rw-- 00003000 00:00 840383             /lib/x86_64-linux-gnu/libdl-2.19.so
7fde53dc0000-7fde53dd5000 r-x- 00000000 00:00 886254             /usr/lib/jvm/java-8-oracle/jre/lib/amd64/jli/libjli.so
7fde53dd5000-7fde53dd9000 ---- 00015000 00:00 886254             /usr/lib/jvm/java-8-oracle/jre/lib/amd64/jli/libjli.so
7fde53dd9000-7fde53fd5000 ---- 00000000 00:00 0
7fde53fd5000-7fde53fd6000 rw-- 00015000 00:00 886254             /usr/lib/jvm/java-8-oracle/jre/lib/amd64/jli/libjli.so
7fde53fe0000-7fde53ff9000 r-x- 00000000 00:00 840306             /lib/x86_64-linux-gnu/libpthread-2.19.so
7fde53ff9000-7fde54003000 ---- 00019000 00:00 840306             /lib/x86_64-linux-gnu/libpthread-2.19.so
7fde54003000-7fde541f8000 ---- 00000000 00:00 0
7fde541f8000-7fde541f9000 r--- 00018000 00:00 840306             /lib/x86_64-linux-gnu/libpthread-2.19.so
7fde541f9000-7fde541fa000 rw-- 00019000 00:00 840306             /lib/x86_64-linux-gnu/libpthread-2.19.so
7fde541fa000-7fde541fe000 rw-- 00000000 00:00 0
7fde54200000-7fde54223000 r-x- 00000000 00:00 840303             /lib/x86_64-linux-gnu/ld-2.19.so
7fde54230000-7fde54231000 rw-- 00000000 00:00 0
7fde54240000-7fde542b6000 rw-- 00000000 00:00 0
7fde542c0000-7fde5431b000 rw-- 00000000 00:00 0
7fde54320000-7fde54323000 ---- 00000000 00:00 0
7fde54323000-7fde54421000 rw-- 00000000 00:00 0
7fde54422000-7fde54423000 r--- 00022000 00:00 840303             /lib/x86_64-linux-gnu/ld-2.19.so
7fde54423000-7fde54424000 rw-- 00023000 00:00 840303             /lib/x86_64-linux-gnu/ld-2.19.so
7fde54424000-7fde54425000 rw-- 00000000 00:00 0
7fde54430000-7fde54431000 rw-- 00000000 00:00 0
7fde54440000-7fde54461000 rw-- 00000000 00:00 0
7fde54470000-7fde54498000 rw-- 00000000 00:00 0
7fde544a0000-7fde544f1000 rw-- 00000000 00:00 0
7fde54500000-7fde54501000 r--- 00000000 00:00 0
7fde54510000-7fde54512000 rw-- 00000000 00:00 0
7fde54520000-7fde54521000 rw-- 00000000 00:00 0
7fde54530000-7fde54531000 rw-- 00000000 00:00 0
7fde54533000-7fde54539000 r--- 0003f000 00:00 886487             /usr/lib/jvm/java-8-oracle/jre/lib/ext/sunjce_provider.jar
7fde54539000-7fde5453c000 r--- 0001a000 00:00 886532             /usr/lib/jvm/java-8-oracle/jre/lib/jce.jar
7fde5453c000-7fde54540000 r--- 0009a000 00:00 886540             /usr/lib/jvm/java-8-oracle/jre/lib/jsse.jar
7fde54540000-7fde54542000 rw-- 00000000 00:00 0
7fde54542000-7fde54544000 r--- 00009000 00:00 886486             /usr/lib/jvm/java-8-oracle/jre/lib/ext/sunec.jar
7fde54544000-7fde5454c000 rw-- 00000000 00:00 889201             /tmp/hsperfdata_Calvin/5743
7fffd042c000-7fffd0c2c000 rw-- 00000000 00:00 0                  [stack]
7fffd12ed000-7fffd12ee000 r-x- 00000000 00:00 0                  [vdso]

VM Arguments:
java_command: EncryptedClient
java_class_path (initial): .
Launcher Type: SUN_STANDARD

Environment Variables:
JAVA_HOME=/usr/lib/jvm/java-8-oracle
PATH=/usr/local/sbin:/usr/local/bin:/usr/sbin:/usr/bin:/sbin:/bin:/usr/games:/usr/local/games:/usr/lib/jvm/java-8-oracle/bin:/usr/lib/jvm/java-8-oracle/db/bin:/usr/lib/jvm/java-8-oracle/jre/bin
LD_LIBRARY_PATH=D_LIBRARY_PATH:.
SHELL=/bin/bash
DISPLAY=:0
HOSTTYPE=x86_64

Signal Handlers:
SIGSEGV: [libjvm.so+0xac78c0], sa_mask[0]=11111111111111111111111111111110, sa_flags=SA_RESTART|SA_SIGINFO
SIGBUS: [libjvm.so+0xac78c0], sa_mask[0]=11111111111111111111111111111110, sa_flags=SA_RESTART|SA_SIGINFO
SIGFPE: [libjvm.so+0x920ac0], sa_mask[0]=11111111111111111111111111111110, sa_flags=SA_RESTART|SA_SIGINFO
SIGPIPE: [libjvm.so+0x920ac0], sa_mask[0]=11111111111111111111111111111110, sa_flags=SA_RESTART|SA_SIGINFO
SIGXFSZ: [libjvm.so+0x920ac0], sa_mask[0]=11111111111111111111111111111110, sa_flags=SA_RESTART|SA_SIGINFO
SIGILL: [libjvm.so+0x920ac0], sa_mask[0]=11111111111111111111111111111110, sa_flags=SA_RESTART|SA_SIGINFO
SIGUSR1: SIG_DFL, sa_mask[0]=00000000000000000000000000000000, sa_flags=none
SIGUSR2: [libjvm.so+0x922300], sa_mask[0]=00000000000000000000000000000000, sa_flags=SA_RESTART|SA_SIGINFO
SIGHUP: [libjvm.so+0x923700], sa_mask[0]=11111111111111111111111111111110, sa_flags=SA_RESTART|SA_SIGINFO
SIGINT: [libjvm.so+0x923700], sa_mask[0]=11111111111111111111111111111110, sa_flags=SA_RESTART|SA_SIGINFO
SIGTERM: [libjvm.so+0x923700], sa_mask[0]=11111111111111111111111111111110, sa_flags=SA_RESTART|SA_SIGINFO
SIGQUIT: [libjvm.so+0x923700], sa_mask[0]=11111111111111111111111111111110, sa_flags=SA_RESTART|SA_SIGINFO


---------------  S Y S T E M  ---------------

OS:DISTRIB_ID=Ubuntu
DISTRIB_RELEASE=14.04
DISTRIB_CODENAME=trusty
DISTRIB_DESCRIPTION="Ubuntu 14.04.5 LTS"

uname:Linux 3.4.0+ #1 PREEMPT Thu Aug 1 17:06:05 CST 2013 x86_64
libc:glibc 2.19 NPTL 2.19 
rlimit: STACK 8192k, CORE infinity, NPROC infinity, NOFILE 2048, AS infinity
load average:0.52 0.58 0.59

/proc/meminfo:
MemTotal:       16668792 kB
MemFree:        11011452 kB
Buffers:           34032 kB
Cached:           188576 kB
SwapCached:            0 kB
Active:           167556 kB
Inactive:         157876 kB
Active(anon):     103104 kB
Inactive(anon):    17440 kB
Active(file):      64452 kB
Inactive(file):   140436 kB
Unevictable:           0 kB
Mlocked:               0 kB
SwapTotal:       2490368 kB
SwapFree:        2456808 kB
Dirty:                 0 kB
Writeback:             0 kB
AnonPages:        102824 kB
Mapped:            71404 kB
Shmem:             17720 kB
Slab:              13868 kB
SReclaimable:       6744 kB
SUnreclaim:         7124 kB
KernelStack:        2848 kB
PageTables:         2524 kB
NFS_Unstable:          0 kB
Bounce:                0 kB
WritebackTmp:          0 kB
CommitLimit:      515524 kB
Committed_AS:    3450064 kB
VmallocTotal:     122880 kB
VmallocUsed:       21296 kB
VmallocChunk:      66044 kB
HardwareCorrupted:     0 kB
AnonHugePages:      2048 kB
HugePages_Total:       0
HugePages_Free:        0
HugePages_Rsvd:        0
HugePages_Surp:        0
Hugepagesize:       2048 kB
DirectMap4k:       12280 kB
DirectMap4M:      897024 kB


CPU:total 4 (2 cores per cpu, 2 threads per core) family 6 model 142 stepping 9, cmov, cx8, fxsr, mmx, sse, sse2, sse3, ssse3, sse4.1, sse4.2, popcnt, avx, avx2, aes, clmul, erms, 3dnowpref, lzcnt, ht, tsc, tscinvbit, bmi1, bmi2, adx

/proc/cpuinfo:
processor       : 0
vendor_id       : GenuineIntel
cpu family      : 6
model           : 142
model name      : Intel(R) Core(TM) i7-7500U CPU @ 2.70GHz
stepping        : 9
microcode       : 0xffffffff
cpu MHz         : 2901.000
cache size      : 256 KB
physical id     : 0
siblings        : 4
core id         : 0
cpu cores       : 2
apicid          : 0
initial apicid  : 0
fpu             : yes
fpu_exception   : yes
cpuid level     : 6
wp              : yes
flags           : fpu vme de pse tsc msr pae mce cx8 apic sep mtrr pge mca cmov pat pse36 clflush dts acpi mmx fxsr sse sse2 ss ht tm pbe syscall nx pdpe1gb rdtscp lm pni pclmulqdq dtes64 monitor ds_cpl vmx est tm2 ssse3 fma cx16 xtpr pdcm pcid sse4_1 sse4_2 x2apic movbe popcnt tsc_deadline_timer aes xsave osxsave avx f16c rdrand
bogomips        : 5802.00
clflush size    : 64
cache_alignment : 64
address sizes   : 36 bits physical, 48 bits virtual
power management:

processor       : 1
vendor_id       : GenuineIntel
cpu family      : 6
model           : 142
model name      : Intel(R) Core(TM) i7-7500U CPU @ 2.70GHz
stepping        : 9
microcode       : 0xffffffff
cpu MHz         : 2901.000
cache size      : 256 KB
physical id     : 0
siblings        : 4
core id         : 0
cpu cores       : 2
apicid          : 0
initial apicid  : 0
fpu             : yes
fpu_exception   : yes
cpuid level     : 6
wp              : yes
flags           : fpu vme de pse tsc msr pae mce cx8 apic sep mtrr pge mca cmov pat pse36 clflush dts acpi mmx fxsr sse sse2 ss ht tm pbe syscall nx pdpe1gb rdtscp lm pni pclmulqdq dtes64 monitor ds_cpl vmx est tm2 ssse3 fma cx16 xtpr pdcm pcid sse4_1 sse4_2 x2apic movbe popcnt tsc_deadline_timer aes xsave osxsave avx f16c rdrand
bogomips        : 5802.00
clflush size    : 64
cache_alignment : 64
address sizes   : 36 bits physical, 48 bits virtual
power management:

processor       : 2
vendor_id       : GenuineIntel
cpu family      : 6
model           : 142
model name      : Intel(R) Core(TM) i7-7500U CPU @ 2.70GHz
stepping        : 9
microcode       : 0xffffffff
cpu MHz         : 2901.000
cache size      : 256 KB
physical id     : 0
siblings        : 4
core id         : 1
cpu cores       : 2
apicid          : 0
initial apicid  : 0
fpu             : yes
fpu_exception   : yes
cpuid level     : 6
wp              : yes
flags           : fpu vme de pse tsc msr pae mce cx8 apic sep mtrr pge mca cmov pat pse36 clflush dts acpi mmx fxsr sse sse2 ss ht tm pbe syscall nx pdpe1gb rdtscp lm pni pclmulqdq dtes64 monitor ds_cpl vmx est tm2 ssse3 fma cx16 xtpr pdcm pcid sse4_1 sse4_2 x2apic movbe popcnt tsc_deadline_timer aes xsave osxsave avx f16c rdrand
bogomips        : 5802.00
clflush size    : 64
cache_alignment : 64
address sizes   : 36 bits physical, 48 bits virtual
power management:

processor       : 3
vendor_id       : GenuineIntel
cpu family      : 6
model           : 142
model name      : Intel(R) Core(TM) i7-7500U CPU @ 2.70GHz
stepping        : 9
microcode       : 0xffffffff
cpu MHz         : 2901.000
cache size      : 256 KB
physical id     : 0
siblings        : 4
core id         : 1
cpu cores       : 2
apicid          : 0
initial apicid  : 0
fpu             : yes
fpu_exception   : yes
cpuid level     : 6
wp              : yes
flags           : fpu vme de pse tsc msr pae mce cx8 apic sep mtrr pge mca cmov pat pse36 clflush dts acpi mmx fxsr sse sse2 ss ht tm pbe syscall nx pdpe1gb rdtscp lm pni pclmulqdq dtes64 monitor ds_cpl vmx est tm2 ssse3 fma cx16 xtpr pdcm pcid sse4_1 sse4_2 x2apic movbe popcnt tsc_deadline_timer aes xsave osxsave avx f16c rdrand
bogomips        : 5802.00
clflush size    : 64
cache_alignment : 64
address sizes   : 36 bits physical, 48 bits virtual
power management:



Memory: 4k page, physical 16668792k(11021916k free), swap 2490368k(2456808k free)

vm_info: Java HotSpot(TM) 64-Bit Server VM (25.121-b13) for linux-amd64 JRE (1.8.0_121-b13), built on Dec 12 2016 16:36:53 by "java_re" with gcc 4.3.0 20080428 (Red Hat 4.3.0-8)

time: Sun Apr  9 17:27:38 2017
elapsed time: 1 seconds (0d 0h 0m 1s)

