#
# A fatal error has been detected by the Java Runtime Environment:
#
#  SIGSEGV (0xb) at pc=0x00007f6d5ab322c0, pid=5773, tid=0x00007f6d5b620700
#
# JRE version: Java(TM) SE Runtime Environment (8.0_121-b13) (build 1.8.0_121-b13)
# Java VM: Java HotSpot(TM) 64-Bit Server VM (25.121-b13 mixed mode linux-amd64 compressed oops)
# Problematic frame:
# C  [libc.so.6+0x1522c0]
#
# Core dump written. Default location: /mnt/c/Users/Calvin/Documents/winter2017/422/project/project2/core or core.5773
#
# If you would like to submit a bug report, please visit:
#   http://bugreport.java.com/bugreport/crash.jsp
#

---------------  T H R E A D  ---------------

Current thread (0x00007f6d54009800):  JavaThread "main" [_thread_in_vm, id=5774, stack(0x00007f6d5b520000,0x00007f6d5b621000)]

siginfo: si_signo: 11 (SIGSEGV), si_code: 128 (SI_KERNEL), si_addr: 0x000000009e4da349

Registers:
RAX=0x000000076bdd49e0, RBX=0x00000007c0000b68, RCX=0x0000000000000002, RDX=0x00007f6d5ab322c0
RSP=0x00007f6d5b61f658, RBP=0x00007f6d5b61f6e0, RSI=0x000000009e4da345, RDI=0x000000076bdd49e0
R8 =0x000000009e4da345, R9 =0x0000000000000002, R10=0x0000000000000002, R11=0x00007f6d5ab67550
R12=0x000000000000000c, R13=0x0000000000000000, R14=0x00007f6d5b61f670, R15=0x00007f6d54078e70
RIP=0x00007f6d5ab322c0, EFLAGS=0x0000000000010283, CSGSFS=0x00000053002b0033, ERR=0x0000000000000000
  TRAPNO=0x0000000000000000

Top of Stack: (sp=0x00007f6d5b61f658)
0x00007f6d5b61f658:   00007f6d5a0be6cb 00007f6d54009800
0x00007f6d5b61f668:   000000009e4da345 00007f6d54009800
0x00007f6d5b61f678:   0000000000000000 00007f6d54009800
0x00007f6d5b61f688:   0000000000000000 00007f6d54009800
0x00007f6d5b61f698:   00007f6d5a0cb806 00007f6d54009800
0x00007f6d5b61f6a8:   00007f6d5425ddb0 00007f6d5b61f7c8
0x00007f6d5b61f6b8:   00007f6d3f402320 0000000000000000
0x00007f6d5b61f6c8:   00007f6d3f402320 00007f6d5b61f7d8
0x00007f6d5b61f6d8:   00007f6d54009800 00007f6d5b61f740
0x00007f6d5b61f6e8:   00007f6d3cec086b 00007f6d5b61f7c8
0x00007f6d5b61f6f8:   00007f6d5b61f7d0 00007f6d5b61f7d8
0x00007f6d5b61f708:   00007f6d540099f8 00007f6d5b61f750
0x00007f6d5b61f718:   000000023f402320 0000000000000000
0x00007f6d5b61f728:   00007f6d5425ddb0 000000009e4da345
0x00007f6d5b61f738:   00007f6d54078e70 00007f6d5b61f7a8
0x00007f6d5b61f748:   00007f6d45017a34 00007f6d5b61f7a8
0x00007f6d5b61f758:   00007f6d450177c7 00007f6d45017782
0x00007f6d5b61f768:   00007f6d5b61f768 00007f6d3f402320
0x00007f6d5b61f778:   00007f6d5b61f7d8 00007f6d3f4024c8
0x00007f6d5b61f788:   0000000000000000 00007f6d3f402320
0x00007f6d5b61f798:   0000000000000000 00007f6d5b61f7c8
0x00007f6d5b61f7a8:   00007f6d5b61f820 00007f6d45008040
0x00007f6d5b61f7b8:   0000000000000000 00007f6d4501153b
0x00007f6d5b61f7c8:   000000076bdd4180 000000076bdd4598
0x00007f6d5b61f7d8:   000000076b3e81b0 00007f6d5b61f7e0
0x00007f6d5b61f7e8:   00007f6d3f402467 00007f6d5b61f840
0x00007f6d5b61f7f8:   00007f6d3f4024c8 0000000000000000
0x00007f6d5b61f808:   00007f6d3f402470 00007f6d5b61f7c8
0x00007f6d5b61f818:   00007f6d5b61f830 00007f6d5b61f888
0x00007f6d5b61f828:   00007f6d45008040 000000076bdd4180
0x00007f6d5b61f838:   000000076bdd4598 000000076b3e81b0
0x00007f6d5b61f848:   00007f6d5b61f848 00007f6d3f40126e 

Instructions: (pc=0x00007f6d5ab322c0)
0x00007f6d5ab322a0:   1c f3 0f 7f 47 1c f2 0f f0 46 0c f2 0f f0 0e f3
0x00007f6d5ab322b0:   0f 7f 47 0c f3 0f 7f 0f c3 0f 1f 80 00 00 00 00
0x00007f6d5ab322c0:   48 8b 56 04 48 8b 0e 48 89 57 04 48 89 0f c3 90
0x00007f6d5ab322d0:   f2 0f f0 46 7b f3 0f 7f 47 7b f2 0f f0 46 6b f3 

Register to memory mapping:

RAX=0x000000076bdd49e0 is an oop

[error occurred during error reporting (printing register info), id 0xb]

Stack: [0x00007f6d5b520000,0x00007f6d5b621000],  sp=0x00007f6d5b61f658,  free space=1021k
Native frames: (J=compiled Java code, j=interpreted, Vv=VM code, C=native code)
C  [libc.so.6+0x1522c0]
C  [libencrypt.so+0x86b]  Java_MyEncrypt_encrypt+0x116
j  MyEncrypt.encrypt([I[I)[I+0
j  MyEncrypt.run([I[I)[I+31
j  EncryptedClient.main([Ljava/lang/String;)V+534
v  ~StubRoutines::call_stub
V  [libjvm.so+0x690dd6]  JavaCalls::call_helper(JavaValue*, methodHandle*, JavaCallArguments*, Thread*)+0x1056
V  [libjvm.so+0x6d21e2]  jni_invoke_static(JNIEnv_*, JavaValue*, _jobject*, JNICallType, _jmethodID*, JNI_ArgumentPusher*, Thread*)+0x362
V  [libjvm.so+0x6eea4a]  jni_CallStaticVoidMethod+0x17a
C  [libjli.so+0x7bdf]  JavaMain+0x81f
C  [libpthread.so.0+0x8184]  start_thread+0xc4

Java frames: (J=compiled Java code, j=interpreted, Vv=VM code)
j  MyEncrypt.encrypt([I[I)[I+0
j  MyEncrypt.run([I[I)[I+31
j  EncryptedClient.main([Ljava/lang/String;)V+534
v  ~StubRoutines::call_stub

---------------  P R O C E S S  ---------------

Java Threads: ( => current thread )
  0x00007f6d540d2000 JavaThread "Service Thread" daemon [_thread_blocked, id=5786, stack(0x00007f6d3d1e0000,0x00007f6d3d2e1000)]
  0x00007f6d540bd000 JavaThread "C1 CompilerThread2" daemon [_thread_blocked, id=5785, stack(0x00007f6d3d2f0000,0x00007f6d3d3f1000)]
  0x00007f6d540bb000 JavaThread "C2 CompilerThread1" daemon [_thread_blocked, id=5784, stack(0x00007f6d3d400000,0x00007f6d3d501000)]
  0x00007f6d540b8000 JavaThread "C2 CompilerThread0" daemon [_thread_blocked, id=5783, stack(0x00007f6d3d510000,0x00007f6d3d611000)]
  0x00007f6d540b6800 JavaThread "Signal Dispatcher" daemon [_thread_blocked, id=5782, stack(0x00007f6d3d620000,0x00007f6d3d721000)]
  0x00007f6d54083800 JavaThread "Finalizer" daemon [_thread_blocked, id=5781, stack(0x00007f6d3d9f0000,0x00007f6d3daf1000)]
  0x00007f6d5407f000 JavaThread "Reference Handler" daemon [_thread_blocked, id=5780, stack(0x00007f6d3db00000,0x00007f6d3dc01000)]
=>0x00007f6d54009800 JavaThread "main" [_thread_in_vm, id=5774, stack(0x00007f6d5b520000,0x00007f6d5b621000)]

Other Threads:
  0x00007f6d54077800 VMThread [stack: 0x00007f6d3dc10000,0x00007f6d3dd11000] [id=5779]
  0x00007f6d540dd000 WatcherThread [stack: 0x00007f6d3d0d0000,0x00007f6d3d1d1000] [id=5787]

VM state:not at safepoint (normal execution)

VM Mutex/Monitor currently owned by a thread: None

Heap:
 PSYoungGen      total 76288K, used 11839K [0x000000076b380000, 0x0000000770880000, 0x00000007c0000000)
  eden space 65536K, 18% used [0x000000076b380000,0x000000076bf0fdc8,0x000000076f380000)
  from space 10752K, 0% used [0x000000076fe00000,0x000000076fe00000,0x0000000770880000)
  to   space 10752K, 0% used [0x000000076f380000,0x000000076f380000,0x000000076fe00000)
 ParOldGen       total 175104K, used 0K [0x00000006c1a00000, 0x00000006cc500000, 0x000000076b380000)
  object space 175104K, 0% used [0x00000006c1a00000,0x00000006c1a00000,0x00000006cc500000)
 Metaspace       used 6731K, capacity 6850K, committed 7040K, reserved 1056768K
  class space    used 754K, capacity 834K, committed 896K, reserved 1048576K

Card table byte_map: [0x00007f6d44800000,0x00007f6d44ff4000] byte_map_base: 0x00007f6d411f3000

Marking Bits: (ParMarkBitMap*) 0x00007f6d5a9b2c80
 Begin Bits: [0x00007f6d200d0000, 0x00007f6d24068000)
 End Bits:   [0x00007f6d24068000, 0x00007f6d28000000)

Polling page: 0x00007f6d5b650000

CodeCache: size=245760Kb used=2093Kb max_used=2106Kb free=243666Kb
 bounds [0x00007f6d45000000, 0x00007f6d45270000, 0x00007f6d54000000]
 total_blobs=798 nmethods=491 adapters=221
 compilation: enabled

Compilation events (10 events):
Event: 0.742 Thread 0x00007f6d540bd000 nmethod 485 0x00007f6d45209e50 code [0x00007f6d45209fa0, 0x00007f6d4520a090]
Event: 0.742 Thread 0x00007f6d540bd000  482       3       java.util.jar.JarFile$JarEntryIterator::hasMoreElements (5 bytes)
Event: 0.742 Thread 0x00007f6d540bd000 nmethod 482 0x00007f6d4520a110 code [0x00007f6d4520a280, 0x00007f6d4520a508]
Event: 0.742 Thread 0x00007f6d540bd000  483       3       java.util.jar.JarFile$JarEntryIterator::hasNext (10 bytes)
Event: 0.743 Thread 0x00007f6d540bd000 nmethod 483 0x00007f6d4520a610 code [0x00007f6d4520a780, 0x00007f6d4520a9a8]
Event: 0.743 Thread 0x00007f6d540bd000  486       3       java.util.ArrayList::toArray (60 bytes)
Event: 0.743 Thread 0x00007f6d540bd000 nmethod 486 0x00007f6d4520aa50 code [0x00007f6d4520abe0, 0x00007f6d4520b178]
Event: 0.745 Thread 0x00007f6d540b8000  489       4       java.math.BigInteger::primitiveLeftShift (79 bytes)
Event: 0.748 Thread 0x00007f6d540bb000  491       4       java.math.BigInteger::implSquareToLen (154 bytes)
Event: 0.750 Thread 0x00007f6d540b8000 nmethod 489 0x00007f6d4520e0d0 code [0x00007f6d4520e220, 0x00007f6d4520e438]

GC Heap History (0 events):
No events

Deoptimization events (1 events):
Event: 0.354 Thread 0x00007f6d54009800 Uncommon trap: reason=null_check action=make_not_entrant pc=0x00007f6d451381a8 method=java.lang.String.equals(Ljava/lang/Object;)Z @ 8

Internal exceptions (9 events):
Event: 0.161 Thread 0x00007f6d54009800 Exception <a 'java/lang/NoSuchMethodError': Method sun.misc.Unsafe.defineClass(Ljava/lang/String;[BII)Ljava/lang/Class; name or signature does not match> (0x000000076b387ca8) thrown at [/HUDSON3/workspace/8-2-build-linux-amd64/jdk8u121/8372/hotspot/src/sh
Event: 0.161 Thread 0x00007f6d54009800 Exception <a 'java/lang/NoSuchMethodError': Method sun.misc.Unsafe.prefetchRead(Ljava/lang/Object;J)V name or signature does not match> (0x000000076b387f90) thrown at [/HUDSON3/workspace/8-2-build-linux-amd64/jdk8u121/8372/hotspot/src/share/vm/prims/jni.c
Event: 0.295 Thread 0x00007f6d54009800 Exception <a 'java/lang/NoSuchFieldError': method resolution failed> (0x000000076b61bf00) thrown at [/HUDSON3/workspace/8-2-build-linux-amd64/jdk8u121/8372/hotspot/src/share/vm/prims/methodHandles.cpp, line 1146]
Event: 0.299 Thread 0x00007f6d54009800 Exception <a 'java/lang/NoSuchFieldError': method resolution failed> (0x000000076b629300) thrown at [/HUDSON3/workspace/8-2-build-linux-amd64/jdk8u121/8372/hotspot/src/share/vm/prims/methodHandles.cpp, line 1146]
Event: 0.354 Thread 0x00007f6d54009800 Implicit null exception at 0x00007f6d45137fa6 to 0x00007f6d45138199
Event: 0.532 Thread 0x00007f6d54009800 Exception <a 'java/lang/NoSuchMethodError': <clinit>> (0x000000076b9524a8) thrown at [/HUDSON3/workspace/8-2-build-linux-amd64/jdk8u121/8372/hotspot/src/share/vm/prims/jni.cpp, line 1613]
Event: 0.602 Thread 0x00007f6d54009800 Exception <a 'java/security/PrivilegedActionException'> (0x000000076b9769c0) thrown at [/HUDSON3/workspace/8-2-build-linux-amd64/jdk8u121/8372/hotspot/src/share/vm/prims/jvm.cpp, line 1390]
Event: 0.602 Thread 0x00007f6d54009800 Exception <a 'java/security/PrivilegedActionException'> (0x000000076b976bd0) thrown at [/HUDSON3/workspace/8-2-build-linux-amd64/jdk8u121/8372/hotspot/src/share/vm/prims/jvm.cpp, line 1390]
Event: 0.625 Thread 0x00007f6d54009800 Exception <a 'java/net/SocketException'> (0x000000076b9ca420) thrown at [/HUDSON3/workspace/8-2-build-linux-amd64/jdk8u121/8372/hotspot/src/share/vm/prims/jni.cpp, line 709]

Events (10 events):
Event: 0.740 loading class javax/crypto/KeyAgreementSpi
Event: 0.740 loading class javax/crypto/KeyAgreementSpi done
Event: 0.740 loading class java/lang/IllegalStateException
Event: 0.740 loading class java/lang/IllegalStateException done
Event: 0.740 loading class javax/crypto/ShortBufferException
Event: 0.740 loading class javax/crypto/ShortBufferException done
Event: 0.750 loading class java/nio/ByteBufferAsIntBufferB
Event: 0.750 loading class java/nio/IntBuffer
Event: 0.750 loading class java/nio/IntBuffer done
Event: 0.750 loading class java/nio/ByteBufferAsIntBufferB done


Dynamic libraries:
00400000-00401000 r-x- 00000000 00:00 886215                     /usr/lib/jvm/java-8-oracle/jre/bin/java
00600000-00601000 rw-- 00000000 00:00 886215                     /usr/lib/jvm/java-8-oracle/jre/bin/java
01522000-01543000 rw-- 00000000 00:00 0                          [heap]
6c1a00000-6cc500000 rw-- 00000000 00:00 0
6cc500000-76b380000 ---- 00000000 00:00 0
76b380000-770880000 rw-- 00000000 00:00 0
770880000-7c0000000 ---- 00000000 00:00 0
7c0000000-7c00e0000 rw-- 00000000 00:00 0
7c00e0000-800000000 ---- 00000000 00:00 0
7f6cfc000000-7f6cfc021000 rw-- 00000000 00:00 0
7f6cfc021000-7f6d00000000 ---- 00000000 00:00 0
7f6d04000000-7f6d041a9000 rw-- 00000000 00:00 0
7f6d041a9000-7f6d08000000 ---- 00000000 00:00 0
7f6d08000000-7f6d08021000 rw-- 00000000 00:00 0
7f6d08021000-7f6d0c000000 ---- 00000000 00:00 0
7f6d0c000000-7f6d0c11d000 rw-- 00000000 00:00 0
7f6d0c11d000-7f6d10000000 ---- 00000000 00:00 0
7f6d10000000-7f6d100b8000 rw-- 00000000 00:00 0
7f6d100b8000-7f6d14000000 ---- 00000000 00:00 0
7f6d14000000-7f6d14021000 rw-- 00000000 00:00 0
7f6d14021000-7f6d18000000 ---- 00000000 00:00 0
7f6d18000000-7f6d18021000 rw-- 00000000 00:00 0
7f6d18021000-7f6d1c000000 ---- 00000000 00:00 0
7f6d1c000000-7f6d1c021000 rw-- 00000000 00:00 0
7f6d1c021000-7f6d20000000 ---- 00000000 00:00 0
7f6d200d0000-7f6d28021000 rw-- 00000000 00:00 0
7f6d28021000-7f6d2c000000 ---- 00000000 00:00 0
7f6d2c000000-7f6d2c021000 rw-- 00000000 00:00 0
7f6d2c021000-7f6d30000000 ---- 00000000 00:00 0
7f6d30000000-7f6d30021000 rw-- 00000000 00:00 0
7f6d30021000-7f6d34000000 ---- 00000000 00:00 0
7f6d38000000-7f6d38021000 rw-- 00000000 00:00 0
7f6d38021000-7f6d3c000000 ---- 00000000 00:00 0
7f6d3c170000-7f6d3c307000 rw-- 00000000 00:00 0
7f6d3c310000-7f6d3c400000 rw-- 00000000 00:00 0
7f6d3c400000-7f6d3c411000 r-x- 00000000 00:00 886320             /usr/lib/jvm/java-8-oracle/jre/lib/amd64/libnio.so
7f6d3c411000-7f6d3c417000 ---- 00011000 00:00 886320             /usr/lib/jvm/java-8-oracle/jre/lib/amd64/libnio.so
7f6d3c417000-7f6d3c610000 ---- 00000000 00:00 0
7f6d3c610000-7f6d3c611000 rw-- 00010000 00:00 886320             /usr/lib/jvm/java-8-oracle/jre/lib/amd64/libnio.so
7f6d3c620000-7f6d3c636000 r-x- 00000000 00:00 840298             /lib/x86_64-linux-gnu/libgcc_s.so.1
7f6d3c636000-7f6d3c637000 ---- 00016000 00:00 840298             /lib/x86_64-linux-gnu/libgcc_s.so.1
7f6d3c637000-7f6d3c835000 ---- 00000000 00:00 0
7f6d3c835000-7f6d3c836000 rw-- 00015000 00:00 840298             /lib/x86_64-linux-gnu/libgcc_s.so.1
7f6d3c840000-7f6d3c872000 r-x- 00000000 00:00 886332             /usr/lib/jvm/java-8-oracle/jre/lib/amd64/libsunec.so
7f6d3c872000-7f6d3c87f000 ---- 00032000 00:00 886332             /usr/lib/jvm/java-8-oracle/jre/lib/amd64/libsunec.so
7f6d3c87f000-7f6d3ca71000 ---- 00000000 00:00 0
7f6d3ca71000-7f6d3ca77000 rw-- 00031000 00:00 886332             /usr/lib/jvm/java-8-oracle/jre/lib/amd64/libsunec.so
7f6d3ca77000-7f6d3ca87000 rw-- 00000000 00:00 0
7f6d3ca90000-7f6d3caa6000 r-x- 00000000 00:00 886319             /usr/lib/jvm/java-8-oracle/jre/lib/amd64/libnet.so
7f6d3caa6000-7f6d3caad000 ---- 00016000 00:00 886319             /usr/lib/jvm/java-8-oracle/jre/lib/amd64/libnet.so
7f6d3caad000-7f6d3cca6000 ---- 00000000 00:00 0
7f6d3cca6000-7f6d3cca7000 rw-- 00016000 00:00 886319             /usr/lib/jvm/java-8-oracle/jre/lib/amd64/libnet.so
7f6d3ccb0000-7f6d3ccb1000 r-x- 00000000 00:00 282308             /mnt/c/Users/Calvin/Documents/winter2017/422/project/project2/libdecrypt.so
7f6d3ccb1000-7f6d3ccb2000 ---- 00001000 00:00 282308             /mnt/c/Users/Calvin/Documents/winter2017/422/project/project2/libdecrypt.so
7f6d3ccb2000-7f6d3ceb0000 ---- 00000000 00:00 0
7f6d3ceb0000-7f6d3ceb1000 r--- 00000000 00:00 282308             /mnt/c/Users/Calvin/Documents/winter2017/422/project/project2/libdecrypt.so
7f6d3ceb1000-7f6d3ceb2000 rw-- 00001000 00:00 282308             /mnt/c/Users/Calvin/Documents/winter2017/422/project/project2/libdecrypt.so
7f6d3cec0000-7f6d3cec1000 r-x- 00000000 00:00 129437             /mnt/c/Users/Calvin/Documents/winter2017/422/project/project2/libencrypt.so
7f6d3cec1000-7f6d3cec2000 ---- 00001000 00:00 129437             /mnt/c/Users/Calvin/Documents/winter2017/422/project/project2/libencrypt.so
7f6d3cec2000-7f6d3d0c0000 ---- 00000000 00:00 0
7f6d3d0c0000-7f6d3d0c1000 r--- 00000000 00:00 129437             /mnt/c/Users/Calvin/Documents/winter2017/422/project/project2/libencrypt.so
7f6d3d0c1000-7f6d3d0c2000 rw-- 00001000 00:00 129437             /mnt/c/Users/Calvin/Documents/winter2017/422/project/project2/libencrypt.so
7f6d3d0d0000-7f6d3d0d1000 ---- 00000000 00:00 0
7f6d3d0d1000-7f6d3d1d1000 rw-- 00000000 00:00 0
7f6d3d1e0000-7f6d3d1e3000 ---- 00000000 00:00 0
7f6d3d1e3000-7f6d3d2e1000 rw-- 00000000 00:00 0
7f6d3d2f0000-7f6d3d2f3000 ---- 00000000 00:00 0
7f6d3d2f3000-7f6d3d3f1000 rw-- 00000000 00:00 0
7f6d3d400000-7f6d3d403000 ---- 00000000 00:00 0
7f6d3d403000-7f6d3d501000 rw-- 00000000 00:00 0
7f6d3d510000-7f6d3d513000 ---- 00000000 00:00 0
7f6d3d513000-7f6d3d611000 rw-- 00000000 00:00 0
7f6d3d620000-7f6d3d623000 ---- 00000000 00:00 0
7f6d3d623000-7f6d3d721000 rw-- 00000000 00:00 0
7f6d3d727000-7f6d3d9f0000 r--- 00000000 00:00 867593             /usr/lib/locale/locale-archive
7f6d3d9f0000-7f6d3d9f3000 ---- 00000000 00:00 0
7f6d3d9f3000-7f6d3daf1000 rw-- 00000000 00:00 0
7f6d3db00000-7f6d3db03000 ---- 00000000 00:00 0
7f6d3db03000-7f6d3dc01000 rw-- 00000000 00:00 0
7f6d3dc10000-7f6d3dc11000 ---- 00000000 00:00 0
7f6d3dc11000-7f6d3dd11000 rw-- 00000000 00:00 0
7f6d3dd20000-7f6d3de21000 rw-- 00000000 00:00 0
7f6d3de30000-7f6d3df31000 rw-- 00000000 00:00 0
7f6d3df40000-7f6d3e041000 rw-- 00000000 00:00 0
7f6d3e050000-7f6d3e151000 rw-- 00000000 00:00 0
7f6d3e160000-7f6d3e261000 rw-- 00000000 00:00 0
7f6d3e270000-7f6d3e291000 rw-- 00000000 00:00 0
7f6d3e2a0000-7f6d3e3a1000 rw-- 00000000 00:00 0
7f6d3e3b0000-7f6d3e3d1000 rw-- 00000000 00:00 0
7f6d3e3e0000-7f6d3e4e1000 rw-- 00000000 00:00 0
7f6d3e4f0000-7f6d3e511000 rw-- 00000000 00:00 0
7f6d3e520000-7f6d3e621000 rw-- 00000000 00:00 0
7f6d3e630000-7f6d3e651000 rw-- 00000000 00:00 0
7f6d3e660000-7f6d3e761000 rw-- 00000000 00:00 0
7f6d3e770000-7f6d3e871000 rw-- 00000000 00:00 0
7f6d3e880000-7f6d3e981000 rw-- 00000000 00:00 0
7f6d3e990000-7f6d3ea91000 rw-- 00000000 00:00 0
7f6d3eaa0000-7f6d3eba1000 rw-- 00000000 00:00 0
7f6d3ebb0000-7f6d3ecb1000 rw-- 00000000 00:00 0
7f6d3ecc0000-7f6d3edc1000 rw-- 00000000 00:00 0
7f6d3edd0000-7f6d3ee1f000 rw-- 00000000 00:00 0
7f6d3ee27000-7f6d3f000000 r--- 03d3e000 00:00 886605             /usr/lib/jvm/java-8-oracle/jre/lib/rt.jar
7f6d3f000000-7f6d3f600000 rw-- 00000000 00:00 0
7f6d3f600000-7f6d3f800000 ---- 00000000 00:00 0
7f6d3f800000-7f6d3fff3000 rw-- 00000000 00:00 0
7f6d40000000-7f6d40021000 rw-- 00000000 00:00 0
7f6d40021000-7f6d44000000 ---- 00000000 00:00 0
7f6d44000000-7f6d44001000 rw-- 00000000 00:00 0
7f6d44010000-7f6d44086000 rw-- 00000000 00:00 0
7f6d44090000-7f6d44091000 ---- 00000000 00:00 0
7f6d44091000-7f6d44191000 rw-- 00000000 00:00 0
7f6d441a0000-7f6d441a1000 ---- 00000000 00:00 0
7f6d441a1000-7f6d442a1000 rw-- 00000000 00:00 0
7f6d442b0000-7f6d44306000 rw-- 00000000 00:00 0
7f6d44306000-7f6d447fd000 ---- 00000000 00:00 0
7f6d44800000-7f6d44856000 rw-- 00000000 00:00 0
7f6d44856000-7f6d44d4c000 ---- 00000000 00:00 0
7f6d44d4c000-7f6d44d78000 rw-- 00000000 00:00 0
7f6d44d78000-7f6d44ff3000 ---- 00000000 00:00 0
7f6d44ff3000-7f6d44ff4000 rw-- 00000000 00:00 0
7f6d45000000-7f6d45270000 rwx- 00000000 00:00 0
7f6d45270000-7f6d54000000 ---- 00000000 00:00 0
7f6d54000000-7f6d54284000 rw-- 00000000 00:00 0
7f6d54284000-7f6d58000000 ---- 00000000 00:00 0
7f6d58000000-7f6d58001000 rw-- 00000000 00:00 0
7f6d58010000-7f6d58031000 rw-- 00000000 00:00 0
7f6d58040000-7f6d58041000 ---- 00000000 00:00 0
7f6d58041000-7f6d58141000 rw-- 00000000 00:00 0
7f6d58150000-7f6d58151000 ---- 00000000 00:00 0
7f6d58151000-7f6d58251000 rw-- 00000000 00:00 0
7f6d58260000-7f6d5826a000 rw-- 00000000 00:00 0
7f6d5826a000-7f6d58620000 ---- 00000000 00:00 0
7f6d58620000-7f6d5863a000 r-x- 00000000 00:00 886336             /usr/lib/jvm/java-8-oracle/jre/lib/amd64/libzip.so
7f6d5863a000-7f6d5863f000 ---- 0001a000 00:00 886336             /usr/lib/jvm/java-8-oracle/jre/lib/amd64/libzip.so
7f6d5863f000-7f6d5883a000 ---- 00000000 00:00 0
7f6d5883a000-7f6d5883b000 rw-- 0001a000 00:00 886336             /usr/lib/jvm/java-8-oracle/jre/lib/amd64/libzip.so
7f6d58840000-7f6d5884a000 r-x- 00000000 00:00 840449             /lib/x86_64-linux-gnu/libnss_files-2.19.so
7f6d5884a000-7f6d5884b000 ---- 0000a000 00:00 840449             /lib/x86_64-linux-gnu/libnss_files-2.19.so
7f6d5884b000-7f6d58a49000 ---- 00000000 00:00 0
7f6d58a49000-7f6d58a4a000 r--- 00009000 00:00 840449             /lib/x86_64-linux-gnu/libnss_files-2.19.so
7f6d58a4a000-7f6d58a4b000 rw-- 0000a000 00:00 840449             /lib/x86_64-linux-gnu/libnss_files-2.19.so
7f6d58a50000-7f6d58a5b000 r-x- 00000000 00:00 840288             /lib/x86_64-linux-gnu/libnss_nis-2.19.so
7f6d58a5b000-7f6d58a5c000 ---- 0000b000 00:00 840288             /lib/x86_64-linux-gnu/libnss_nis-2.19.so
7f6d58a5c000-7f6d58c5a000 ---- 00000000 00:00 0
7f6d58c5a000-7f6d58c5b000 r--- 0000a000 00:00 840288             /lib/x86_64-linux-gnu/libnss_nis-2.19.so
7f6d58c5b000-7f6d58c5c000 rw-- 0000b000 00:00 840288             /lib/x86_64-linux-gnu/libnss_nis-2.19.so
7f6d58c60000-7f6d58c77000 r-x- 00000000 00:00 840401             /lib/x86_64-linux-gnu/libnsl-2.19.so
7f6d58c77000-7f6d58c78000 ---- 00017000 00:00 840401             /lib/x86_64-linux-gnu/libnsl-2.19.so
7f6d58c78000-7f6d58e76000 ---- 00000000 00:00 0
7f6d58e76000-7f6d58e77000 r--- 00016000 00:00 840401             /lib/x86_64-linux-gnu/libnsl-2.19.so
7f6d58e77000-7f6d58e78000 rw-- 00017000 00:00 840401             /lib/x86_64-linux-gnu/libnsl-2.19.so
7f6d58e78000-7f6d58e7a000 rw-- 00000000 00:00 0
7f6d58e80000-7f6d58e89000 r-x- 00000000 00:00 840455             /lib/x86_64-linux-gnu/libnss_compat-2.19.so
7f6d58e89000-7f6d58e8a000 ---- 00009000 00:00 840455             /lib/x86_64-linux-gnu/libnss_compat-2.19.so
7f6d58e8a000-7f6d59088000 ---- 00000000 00:00 0
7f6d59088000-7f6d59089000 r--- 00008000 00:00 840455             /lib/x86_64-linux-gnu/libnss_compat-2.19.so
7f6d59089000-7f6d5908a000 rw-- 00009000 00:00 840455             /lib/x86_64-linux-gnu/libnss_compat-2.19.so
7f6d59090000-7f6d590bb000 r-x- 00000000 00:00 886291             /usr/lib/jvm/java-8-oracle/jre/lib/amd64/libjava.so
7f6d590bb000-7f6d590c8000 ---- 0002b000 00:00 886291             /usr/lib/jvm/java-8-oracle/jre/lib/amd64/libjava.so
7f6d590c8000-7f6d592ba000 ---- 00000000 00:00 0
7f6d592ba000-7f6d592bc000 rw-- 0002a000 00:00 886291             /usr/lib/jvm/java-8-oracle/jre/lib/amd64/libjava.so
7f6d592c0000-7f6d592cd000 r-x- 00000000 00:00 886335             /usr/lib/jvm/java-8-oracle/jre/lib/amd64/libverify.so
7f6d592cd000-7f6d592d1000 ---- 0000d000 00:00 886335             /usr/lib/jvm/java-8-oracle/jre/lib/amd64/libverify.so
7f6d592d1000-7f6d594cc000 ---- 00000000 00:00 0
7f6d594cc000-7f6d594ce000 rw-- 0000c000 00:00 886335             /usr/lib/jvm/java-8-oracle/jre/lib/amd64/libverify.so
7f6d594d0000-7f6d594d7000 r-x- 00000000 00:00 840461             /lib/x86_64-linux-gnu/librt-2.19.so
7f6d594d7000-7f6d594d8000 ---- 00007000 00:00 840461             /lib/x86_64-linux-gnu/librt-2.19.so
7f6d594d8000-7f6d596d6000 ---- 00000000 00:00 0
7f6d596d6000-7f6d596d7000 r--- 00006000 00:00 840461             /lib/x86_64-linux-gnu/librt-2.19.so
7f6d596d7000-7f6d596d8000 rw-- 00007000 00:00 840461             /lib/x86_64-linux-gnu/librt-2.19.so
7f6d596e0000-7f6d597e5000 r-x- 00000000 00:00 840435             /lib/x86_64-linux-gnu/libm-2.19.so
7f6d597e5000-7f6d597e6000 ---- 00105000 00:00 840435             /lib/x86_64-linux-gnu/libm-2.19.so
7f6d597e6000-7f6d599e4000 ---- 00000000 00:00 0
7f6d599e4000-7f6d599e5000 r--- 00104000 00:00 840435             /lib/x86_64-linux-gnu/libm-2.19.so
7f6d599e5000-7f6d599e6000 rw-- 00105000 00:00 840435             /lib/x86_64-linux-gnu/libm-2.19.so
7f6d599ee000-7f6d5a6bc000 r-x- 00000000 00:00 886340             /usr/lib/jvm/java-8-oracle/jre/lib/amd64/server/libjvm.so
7f6d5a6bc000-7f6d5a8bc000 ---- 00cce000 00:00 886340             /usr/lib/jvm/java-8-oracle/jre/lib/amd64/server/libjvm.so
7f6d5a8bc000-7f6d5a995000 rw-- 00cce000 00:00 886340             /usr/lib/jvm/java-8-oracle/jre/lib/amd64/server/libjvm.so
7f6d5a995000-7f6d5a9e0000 rw-- 00000000 00:00 0
7f6d5a9e0000-7f6d5ab9a000 r-x- 00000000 00:00 840371             /lib/x86_64-linux-gnu/libc-2.19.so
7f6d5ab9a000-7f6d5aba2000 ---- 001ba000 00:00 840371             /lib/x86_64-linux-gnu/libc-2.19.so
7f6d5aba2000-7f6d5ad9a000 ---- 00000000 00:00 0
7f6d5ad9a000-7f6d5ad9e000 r--- 001ba000 00:00 840371             /lib/x86_64-linux-gnu/libc-2.19.so
7f6d5ad9e000-7f6d5ada0000 rw-- 001be000 00:00 840371             /lib/x86_64-linux-gnu/libc-2.19.so
7f6d5ada0000-7f6d5ada5000 rw-- 00000000 00:00 0
7f6d5adb0000-7f6d5adb3000 r-x- 00000000 00:00 840383             /lib/x86_64-linux-gnu/libdl-2.19.so
7f6d5adb3000-7f6d5adb4000 ---- 00003000 00:00 840383             /lib/x86_64-linux-gnu/libdl-2.19.so
7f6d5adb4000-7f6d5afb2000 ---- 00000000 00:00 0
7f6d5afb2000-7f6d5afb3000 r--- 00002000 00:00 840383             /lib/x86_64-linux-gnu/libdl-2.19.so
7f6d5afb3000-7f6d5afb4000 rw-- 00003000 00:00 840383             /lib/x86_64-linux-gnu/libdl-2.19.so
7f6d5afc0000-7f6d5afd5000 r-x- 00000000 00:00 886254             /usr/lib/jvm/java-8-oracle/jre/lib/amd64/jli/libjli.so
7f6d5afd5000-7f6d5afd9000 ---- 00015000 00:00 886254             /usr/lib/jvm/java-8-oracle/jre/lib/amd64/jli/libjli.so
7f6d5afd9000-7f6d5b1d5000 ---- 00000000 00:00 0
7f6d5b1d5000-7f6d5b1d6000 rw-- 00015000 00:00 886254             /usr/lib/jvm/java-8-oracle/jre/lib/amd64/jli/libjli.so
7f6d5b1e0000-7f6d5b1f9000 r-x- 00000000 00:00 840306             /lib/x86_64-linux-gnu/libpthread-2.19.so
7f6d5b1f9000-7f6d5b203000 ---- 00019000 00:00 840306             /lib/x86_64-linux-gnu/libpthread-2.19.so
7f6d5b203000-7f6d5b3f8000 ---- 00000000 00:00 0
7f6d5b3f8000-7f6d5b3f9000 r--- 00018000 00:00 840306             /lib/x86_64-linux-gnu/libpthread-2.19.so
7f6d5b3f9000-7f6d5b3fa000 rw-- 00019000 00:00 840306             /lib/x86_64-linux-gnu/libpthread-2.19.so
7f6d5b3fa000-7f6d5b3fe000 rw-- 00000000 00:00 0
7f6d5b400000-7f6d5b423000 r-x- 00000000 00:00 840303             /lib/x86_64-linux-gnu/ld-2.19.so
7f6d5b430000-7f6d5b431000 rw-- 00000000 00:00 0
7f6d5b440000-7f6d5b49b000 rw-- 00000000 00:00 0
7f6d5b4a0000-7f6d5b4c8000 rw-- 00000000 00:00 0
7f6d5b4d0000-7f6d5b520000 rw-- 00000000 00:00 0
7f6d5b520000-7f6d5b523000 ---- 00000000 00:00 0
7f6d5b523000-7f6d5b621000 rw-- 00000000 00:00 0
7f6d5b622000-7f6d5b623000 r--- 00022000 00:00 840303             /lib/x86_64-linux-gnu/ld-2.19.so
7f6d5b623000-7f6d5b624000 rw-- 00023000 00:00 840303             /lib/x86_64-linux-gnu/ld-2.19.so
7f6d5b624000-7f6d5b625000 rw-- 00000000 00:00 0
7f6d5b630000-7f6d5b631000 rw-- 00000000 00:00 0
7f6d5b640000-7f6d5b641000 rw-- 00000000 00:00 0
7f6d5b650000-7f6d5b651000 r--- 00000000 00:00 0
7f6d5b660000-7f6d5b662000 rw-- 00000000 00:00 0
7f6d5b670000-7f6d5b671000 rw-- 00000000 00:00 0
7f6d5b680000-7f6d5b681000 rw-- 00000000 00:00 0
7f6d5b684000-7f6d5b68a000 r--- 0003f000 00:00 886487             /usr/lib/jvm/java-8-oracle/jre/lib/ext/sunjce_provider.jar
7f6d5b68a000-7f6d5b68c000 r--- 00009000 00:00 886486             /usr/lib/jvm/java-8-oracle/jre/lib/ext/sunec.jar
7f6d5b68c000-7f6d5b690000 r--- 0009a000 00:00 886540             /usr/lib/jvm/java-8-oracle/jre/lib/jsse.jar
7f6d5b690000-7f6d5b692000 rw-- 00000000 00:00 0
7f6d5b692000-7f6d5b695000 r--- 0001a000 00:00 886532             /usr/lib/jvm/java-8-oracle/jre/lib/jce.jar
7f6d5b695000-7f6d5b69d000 rw-- 00000000 00:00 289704             /tmp/hsperfdata_Calvin/5773
7fffc09b0000-7fffc11b0000 rw-- 00000000 00:00 0                  [stack]
7fffc192f000-7fffc1930000 r-x- 00000000 00:00 0                  [vdso]

VM Arguments:
java_command: EncryptedClient
java_class_path (initial): .
Launcher Type: SUN_STANDARD

Environment Variables:
JAVA_HOME=/usr/lib/jvm/java-8-oracle
PATH=/usr/local/sbin:/usr/local/bin:/usr/sbin:/usr/bin:/sbin:/bin:/usr/games:/usr/local/games:/usr/lib/jvm/java-8-oracle/bin:/usr/lib/jvm/java-8-oracle/db/bin:/usr/lib/jvm/java-8-oracle/jre/bin
LD_LIBRARY_PATH=D_LIBRARY_PATH:.
SHELL=/bin/bash
DISPLAY=:0
HOSTTYPE=x86_64

Signal Handlers:
SIGSEGV: [libjvm.so+0xac78c0], sa_mask[0]=11111111111111111111111111111110, sa_flags=SA_RESTART|SA_SIGINFO
SIGBUS: [libjvm.so+0xac78c0], sa_mask[0]=11111111111111111111111111111110, sa_flags=SA_RESTART|SA_SIGINFO
SIGFPE: [libjvm.so+0x920ac0], sa_mask[0]=11111111111111111111111111111110, sa_flags=SA_RESTART|SA_SIGINFO
SIGPIPE: [libjvm.so+0x920ac0], sa_mask[0]=11111111111111111111111111111110, sa_flags=SA_RESTART|SA_SIGINFO
SIGXFSZ: [libjvm.so+0x920ac0], sa_mask[0]=11111111111111111111111111111110, sa_flags=SA_RESTART|SA_SIGINFO
SIGILL: [libjvm.so+0x920ac0], sa_mask[0]=11111111111111111111111111111110, sa_flags=SA_RESTART|SA_SIGINFO
SIGUSR1: SIG_DFL, sa_mask[0]=00000000000000000000000000000000, sa_flags=none
SIGUSR2: [libjvm.so+0x922300], sa_mask[0]=00000000000000000000000000000000, sa_flags=SA_RESTART|SA_SIGINFO
SIGHUP: [libjvm.so+0x923700], sa_mask[0]=11111111111111111111111111111110, sa_flags=SA_RESTART|SA_SIGINFO
SIGINT: [libjvm.so+0x923700], sa_mask[0]=11111111111111111111111111111110, sa_flags=SA_RESTART|SA_SIGINFO
SIGTERM: [libjvm.so+0x923700], sa_mask[0]=11111111111111111111111111111110, sa_flags=SA_RESTART|SA_SIGINFO
SIGQUIT: [libjvm.so+0x923700], sa_mask[0]=11111111111111111111111111111110, sa_flags=SA_RESTART|SA_SIGINFO


---------------  S Y S T E M  ---------------

OS:DISTRIB_ID=Ubuntu
DISTRIB_RELEASE=14.04
DISTRIB_CODENAME=trusty
DISTRIB_DESCRIPTION="Ubuntu 14.04.5 LTS"

uname:Linux 3.4.0+ #1 PREEMPT Thu Aug 1 17:06:05 CST 2013 x86_64
libc:glibc 2.19 NPTL 2.19 
rlimit: STACK 8192k, CORE infinity, NPROC infinity, NOFILE 2048, AS infinity
load average:0.52 0.58 0.59

/proc/meminfo:
MemTotal:       16668792 kB
MemFree:        11004340 kB
Buffers:           34032 kB
Cached:           188576 kB
SwapCached:            0 kB
Active:           167556 kB
Inactive:         157876 kB
Active(anon):     103104 kB
Inactive(anon):    17440 kB
Active(file):      64452 kB
Inactive(file):   140436 kB
Unevictable:           0 kB
Mlocked:               0 kB
SwapTotal:       2490368 kB
SwapFree:        2456808 kB
Dirty:                 0 kB
Writeback:             0 kB
AnonPages:        102824 kB
Mapped:            71404 kB
Shmem:             17720 kB
Slab:              13868 kB
SReclaimable:       6744 kB
SUnreclaim:         7124 kB
KernelStack:        2848 kB
PageTables:         2524 kB
NFS_Unstable:          0 kB
Bounce:                0 kB
WritebackTmp:          0 kB
CommitLimit:      515524 kB
Committed_AS:    3450064 kB
VmallocTotal:     122880 kB
VmallocUsed:       21296 kB
VmallocChunk:      66044 kB
HardwareCorrupted:     0 kB
AnonHugePages:      2048 kB
HugePages_Total:       0
HugePages_Free:        0
HugePages_Rsvd:        0
HugePages_Surp:        0
Hugepagesize:       2048 kB
DirectMap4k:       12280 kB
DirectMap4M:      897024 kB


CPU:total 4 (2 cores per cpu, 2 threads per core) family 6 model 142 stepping 9, cmov, cx8, fxsr, mmx, sse, sse2, sse3, ssse3, sse4.1, sse4.2, popcnt, avx, avx2, aes, clmul, erms, 3dnowpref, lzcnt, ht, tsc, tscinvbit, bmi1, bmi2, adx

/proc/cpuinfo:
processor       : 0
vendor_id       : GenuineIntel
cpu family      : 6
model           : 142
model name      : Intel(R) Core(TM) i7-7500U CPU @ 2.70GHz
stepping        : 9
microcode       : 0xffffffff
cpu MHz         : 2901.000
cache size      : 256 KB
physical id     : 0
siblings        : 4
core id         : 0
cpu cores       : 2
apicid          : 0
initial apicid  : 0
fpu             : yes
fpu_exception   : yes
cpuid level     : 6
wp              : yes
flags           : fpu vme de pse tsc msr pae mce cx8 apic sep mtrr pge mca cmov pat pse36 clflush dts acpi mmx fxsr sse sse2 ss ht tm pbe syscall nx pdpe1gb rdtscp lm pni pclmulqdq dtes64 monitor ds_cpl vmx est tm2 ssse3 fma cx16 xtpr pdcm pcid sse4_1 sse4_2 x2apic movbe popcnt tsc_deadline_timer aes xsave osxsave avx f16c rdrand
bogomips        : 5802.00
clflush size    : 64
cache_alignment : 64
address sizes   : 36 bits physical, 48 bits virtual
power management:

processor       : 1
vendor_id       : GenuineIntel
cpu family      : 6
model           : 142
model name      : Intel(R) Core(TM) i7-7500U CPU @ 2.70GHz
stepping        : 9
microcode       : 0xffffffff
cpu MHz         : 2901.000
cache size      : 256 KB
physical id     : 0
siblings        : 4
core id         : 0
cpu cores       : 2
apicid          : 0
initial apicid  : 0
fpu             : yes
fpu_exception   : yes
cpuid level     : 6
wp              : yes
flags           : fpu vme de pse tsc msr pae mce cx8 apic sep mtrr pge mca cmov pat pse36 clflush dts acpi mmx fxsr sse sse2 ss ht tm pbe syscall nx pdpe1gb rdtscp lm pni pclmulqdq dtes64 monitor ds_cpl vmx est tm2 ssse3 fma cx16 xtpr pdcm pcid sse4_1 sse4_2 x2apic movbe popcnt tsc_deadline_timer aes xsave osxsave avx f16c rdrand
bogomips        : 5802.00
clflush size    : 64
cache_alignment : 64
address sizes   : 36 bits physical, 48 bits virtual
power management:

processor       : 2
vendor_id       : GenuineIntel
cpu family      : 6
model           : 142
model name      : Intel(R) Core(TM) i7-7500U CPU @ 2.70GHz
stepping        : 9
microcode       : 0xffffffff
cpu MHz         : 2901.000
cache size      : 256 KB
physical id     : 0
siblings        : 4
core id         : 1
cpu cores       : 2
apicid          : 0
initial apicid  : 0
fpu             : yes
fpu_exception   : yes
cpuid level     : 6
wp              : yes
flags           : fpu vme de pse tsc msr pae mce cx8 apic sep mtrr pge mca cmov pat pse36 clflush dts acpi mmx fxsr sse sse2 ss ht tm pbe syscall nx pdpe1gb rdtscp lm pni pclmulqdq dtes64 monitor ds_cpl vmx est tm2 ssse3 fma cx16 xtpr pdcm pcid sse4_1 sse4_2 x2apic movbe popcnt tsc_deadline_timer aes xsave osxsave avx f16c rdrand
bogomips        : 5802.00
clflush size    : 64
cache_alignment : 64
address sizes   : 36 bits physical, 48 bits virtual
power management:

processor       : 3
vendor_id       : GenuineIntel
cpu family      : 6
model           : 142
model name      : Intel(R) Core(TM) i7-7500U CPU @ 2.70GHz
stepping        : 9
microcode       : 0xffffffff
cpu MHz         : 2901.000
cache size      : 256 KB
physical id     : 0
siblings        : 4
core id         : 1
cpu cores       : 2
apicid          : 0
initial apicid  : 0
fpu             : yes
fpu_exception   : yes
cpuid level     : 6
wp              : yes
flags           : fpu vme de pse tsc msr pae mce cx8 apic sep mtrr pge mca cmov pat pse36 clflush dts acpi mmx fxsr sse sse2 ss ht tm pbe syscall nx pdpe1gb rdtscp lm pni pclmulqdq dtes64 monitor ds_cpl vmx est tm2 ssse3 fma cx16 xtpr pdcm pcid sse4_1 sse4_2 x2apic movbe popcnt tsc_deadline_timer aes xsave osxsave avx f16c rdrand
bogomips        : 5802.00
clflush size    : 64
cache_alignment : 64
address sizes   : 36 bits physical, 48 bits virtual
power management:



Memory: 4k page, physical 16668792k(11004360k free), swap 2490368k(2456808k free)

vm_info: Java HotSpot(TM) 64-Bit Server VM (25.121-b13) for linux-amd64 JRE (1.8.0_121-b13), built on Dec 12 2016 16:36:53 by "java_re" with gcc 4.3.0 20080428 (Red Hat 4.3.0-8)

time: Sun Apr  9 17:28:03 2017
elapsed time: 1 seconds (0d 0h 0m 1s)

